2025-11-03 14:55:15,880 - base_scraper - ERROR - API密钥未设置，请在config.py中设置DOUBAN_API_KEY或初始化时提供
2025-11-03 15:51:25,834 - base_scraper - ERROR - API密钥未设置，请在config.py中设置DOUBAN_API_KEY或初始化时提供
2025-11-03 15:51:40,420 - base_scraper - ERROR - API密钥未设置，请在config.py中设置DOUBAN_API_KEY或初始化时提供
2025-11-03 16:06:19,347 - base_scraper - ERROR - API密钥未设置，请在config.py中设置DOUBAN_API_KEY或初始化时提供
2025-11-03 16:08:55,980 - base_scraper - ERROR - API密钥未设置，请在config.py中设置DOUBAN_API_KEY或初始化时提供
2025-11-03 16:09:12,195 - base_scraper - INFO - 模拟查询: 2025年上海华东师大二附中紫竹校区录取分数及学生来源...
2025-11-03 16:09:28,562 - base_scraper - ERROR - API密钥未设置，请在config.py中设置DOUBAN_API_KEY或初始化时提供
2025-11-03 16:09:51,607 - base_scraper - ERROR - API密钥未设置，请在config.py中设置DOUBAN_API_KEY或初始化时提供
2025-11-03 16:09:58,964 - base_scraper - INFO - 模拟查询: 2025年华东师大二附中紫竹校区录取分数及学生来源...
2025-11-03 16:10:51,236 - base_scraper - ERROR - API密钥未设置，请在config.py中设置DOUBAN_API_KEY或初始化时提供
2025-11-03 16:10:58,913 - base_scraper - INFO - 模拟查询: 2025年华东师大二附中紫竹校区录取分数及学生来源...
2025-11-03 16:11:35,618 - base_scraper - ERROR - API密钥未设置，请在config.py中设置DOUBAN_API_KEY或初始化时提供
2025-11-03 16:12:09,570 - base_scraper - ERROR - API密钥未设置，请在config.py中设置DOUBAN_API_KEY或初始化时提供
2025-11-03 16:12:17,355 - base_scraper - INFO - 模拟查询: 2025年华东师大二附中紫竹校区录取分数及学生来源...
2025-11-03 16:12:58,575 - base_scraper - ERROR - API密钥未设置，请在config.py中设置DOUBAN_API_KEY或初始化时提供
2025-11-03 16:19:45,832 - base_scraper - INFO - 模拟查询: 2025年华东师大二附中紫竹校区录取分数及学生来源...
2025-11-03 16:20:08,670 - base_scraper - ERROR - API密钥未设置，请在config.py中设置DOUBAN_API_KEY或初始化时提供
2025-11-03 16:20:16,523 - base_scraper - ERROR - API密钥未设置，请在config.py中设置DOUBAN_API_KEY或初始化时提供
2025-11-03 16:20:37,226 - base_scraper - ERROR - API密钥未设置，请在config.py中设置DOUBAN_API_KEY或初始化时提供
2025-11-03 16:20:37,227 - base_scraper - INFO - 模拟查询: 2025年华东师大二附中紫竹校区录取分数及学生来源...
2025-11-03 16:44:28,448 - base_scraper - ERROR - API密钥未设置，请在config.py中设置DOUBAN_API_KEY或初始化时提供
2025-11-03 16:44:28,449 - base_scraper - INFO - 模拟查询: 2025年浦东中学录取分数及学生来源...
2025-11-03 16:46:41,157 - base_scraper - ERROR - API密钥未设置，请在config.py中设置DOUBAN_API_KEY或初始化时提供
2025-11-03 16:46:41,157 - base_scraper - INFO - 模拟查询: 2021年上海中学东校录取分数及学生来源...
2025-11-03 16:46:41,158 - base_scraper - ERROR - API密钥未设置，请在config.py中设置DOUBAN_API_KEY或初始化时提供
2025-11-03 16:46:41,158 - base_scraper - INFO - 模拟查询: 2022年上海中学东校录取分数及学生来源...
2025-11-03 16:46:41,158 - base_scraper - ERROR - API密钥未设置，请在config.py中设置DOUBAN_API_KEY或初始化时提供
2025-11-03 16:46:41,158 - base_scraper - INFO - 模拟查询: 2023年上海中学东校录取分数及学生来源...
2025-11-03 16:46:41,158 - base_scraper - ERROR - API密钥未设置，请在config.py中设置DOUBAN_API_KEY或初始化时提供
2025-11-03 16:46:41,158 - base_scraper - INFO - 模拟查询: 2024年上海中学东校录取分数及学生来源...
2025-11-03 16:46:41,158 - base_scraper - ERROR - API密钥未设置，请在config.py中设置DOUBAN_API_KEY或初始化时提供
2025-11-03 16:46:41,158 - base_scraper - INFO - 模拟查询: 2025年上海中学东校录取分数及学生来源...
2025-11-03 16:46:41,158 - base_scraper - ERROR - API密钥未设置，请在config.py中设置DOUBAN_API_KEY或初始化时提供
2025-11-03 16:46:41,158 - base_scraper - INFO - 模拟查询: 2021年浦东中学录取分数及学生来源...
2025-11-03 16:46:41,158 - base_scraper - ERROR - API密钥未设置，请在config.py中设置DOUBAN_API_KEY或初始化时提供
2025-11-03 16:46:41,158 - base_scraper - INFO - 模拟查询: 2022年浦东中学录取分数及学生来源...
2025-11-03 16:46:41,158 - base_scraper - ERROR - API密钥未设置，请在config.py中设置DOUBAN_API_KEY或初始化时提供
2025-11-03 16:46:41,158 - base_scraper - INFO - 模拟查询: 2023年浦东中学录取分数及学生来源...
2025-11-03 16:46:41,159 - base_scraper - ERROR - API密钥未设置，请在config.py中设置DOUBAN_API_KEY或初始化时提供
2025-11-03 16:46:41,159 - base_scraper - INFO - 模拟查询: 2024年浦东中学录取分数及学生来源...
2025-11-03 16:46:41,159 - base_scraper - ERROR - API密钥未设置，请在config.py中设置DOUBAN_API_KEY或初始化时提供
2025-11-03 16:46:41,159 - base_scraper - INFO - 模拟查询: 2025年浦东中学录取分数及学生来源...
2025-11-03 16:46:41,159 - base_scraper - ERROR - API密钥未设置，请在config.py中设置DOUBAN_API_KEY或初始化时提供
2025-11-03 16:46:41,159 - base_scraper - INFO - 模拟查询: 2021年建平中学浦东校区录取分数及学生来源...
2025-11-03 16:46:41,159 - base_scraper - ERROR - API密钥未设置，请在config.py中设置DOUBAN_API_KEY或初始化时提供
2025-11-03 16:46:41,159 - base_scraper - INFO - 模拟查询: 2022年建平中学浦东校区录取分数及学生来源...
2025-11-03 16:46:41,159 - base_scraper - ERROR - API密钥未设置，请在config.py中设置DOUBAN_API_KEY或初始化时提供
2025-11-03 16:46:41,159 - base_scraper - INFO - 模拟查询: 2023年建平中学浦东校区录取分数及学生来源...
2025-11-03 16:46:41,159 - base_scraper - ERROR - API密钥未设置，请在config.py中设置DOUBAN_API_KEY或初始化时提供
2025-11-03 16:46:41,159 - base_scraper - INFO - 模拟查询: 2024年建平中学浦东校区录取分数及学生来源...
2025-11-03 16:46:41,159 - base_scraper - ERROR - API密钥未设置，请在config.py中设置DOUBAN_API_KEY或初始化时提供
2025-11-03 16:46:41,159 - base_scraper - INFO - 模拟查询: 2025年建平中学浦东校区录取分数及学生来源...
2025-11-03 16:46:41,159 - base_scraper - ERROR - API密钥未设置，请在config.py中设置DOUBAN_API_KEY或初始化时提供
2025-11-03 16:46:41,159 - base_scraper - INFO - 模拟查询: 2021年进才中学录取分数及学生来源...
2025-11-03 16:46:41,159 - base_scraper - ERROR - API密钥未设置，请在config.py中设置DOUBAN_API_KEY或初始化时提供
2025-11-03 16:46:41,159 - base_scraper - INFO - 模拟查询: 2022年进才中学录取分数及学生来源...
2025-11-03 16:46:41,159 - base_scraper - ERROR - API密钥未设置，请在config.py中设置DOUBAN_API_KEY或初始化时提供
2025-11-03 16:46:41,159 - base_scraper - INFO - 模拟查询: 2023年进才中学录取分数及学生来源...
2025-11-03 16:46:41,160 - base_scraper - ERROR - API密钥未设置，请在config.py中设置DOUBAN_API_KEY或初始化时提供
2025-11-03 16:46:41,160 - base_scraper - INFO - 模拟查询: 2024年进才中学录取分数及学生来源...
2025-11-03 16:46:41,160 - base_scraper - ERROR - API密钥未设置，请在config.py中设置DOUBAN_API_KEY或初始化时提供
2025-11-03 16:46:41,160 - base_scraper - INFO - 模拟查询: 2025年进才中学录取分数及学生来源...
2025-11-03 16:46:41,160 - base_scraper - ERROR - API密钥未设置，请在config.py中设置DOUBAN_API_KEY或初始化时提供
2025-11-03 16:46:41,160 - base_scraper - INFO - 模拟查询: 2021年华东师大二附中紫竹校区录取分数及学生来源...
2025-11-03 16:46:41,160 - base_scraper - ERROR - API密钥未设置，请在config.py中设置DOUBAN_API_KEY或初始化时提供
2025-11-03 16:46:41,160 - base_scraper - INFO - 模拟查询: 2022年华东师大二附中紫竹校区录取分数及学生来源...
2025-11-03 16:46:41,160 - base_scraper - ERROR - API密钥未设置，请在config.py中设置DOUBAN_API_KEY或初始化时提供
2025-11-03 16:46:41,160 - base_scraper - INFO - 模拟查询: 2023年华东师大二附中紫竹校区录取分数及学生来源...
2025-11-03 16:46:41,160 - base_scraper - ERROR - API密钥未设置，请在config.py中设置DOUBAN_API_KEY或初始化时提供
2025-11-03 16:46:41,160 - base_scraper - INFO - 模拟查询: 2024年华东师大二附中紫竹校区录取分数及学生来源...
2025-11-03 16:46:41,160 - base_scraper - ERROR - API密钥未设置，请在config.py中设置DOUBAN_API_KEY或初始化时提供
2025-11-03 16:46:41,160 - base_scraper - INFO - 模拟查询: 2025年华东师大二附中紫竹校区录取分数及学生来源...
2025-11-03 16:46:41,160 - base_scraper - ERROR - API密钥未设置，请在config.py中设置DOUBAN_API_KEY或初始化时提供
2025-11-03 16:46:41,160 - base_scraper - INFO - 模拟查询: 2021年上海市实验学校东校录取分数及学生来源...
2025-11-03 16:46:41,160 - base_scraper - ERROR - API密钥未设置，请在config.py中设置DOUBAN_API_KEY或初始化时提供
2025-11-03 16:46:41,160 - base_scraper - INFO - 模拟查询: 2022年上海市实验学校东校录取分数及学生来源...
2025-11-03 16:46:41,160 - base_scraper - ERROR - API密钥未设置，请在config.py中设置DOUBAN_API_KEY或初始化时提供
2025-11-03 16:46:41,160 - base_scraper - INFO - 模拟查询: 2023年上海市实验学校东校录取分数及学生来源...
2025-11-03 16:46:41,160 - base_scraper - ERROR - API密钥未设置，请在config.py中设置DOUBAN_API_KEY或初始化时提供
2025-11-03 16:46:41,160 - base_scraper - INFO - 模拟查询: 2024年上海市实验学校东校录取分数及学生来源...
2025-11-03 16:46:41,160 - base_scraper - ERROR - API密钥未设置，请在config.py中设置DOUBAN_API_KEY或初始化时提供
2025-11-03 16:46:41,160 - base_scraper - INFO - 模拟查询: 2025年上海市实验学校东校录取分数及学生来源...
2025-11-03 16:46:41,161 - base_scraper - ERROR - API密钥未设置，请在config.py中设置DOUBAN_API_KEY或初始化时提供
2025-11-03 16:46:41,162 - base_scraper - ERROR - API密钥未设置，请在config.py中设置DOUBAN_API_KEY或初始化时提供
2025-11-03 16:46:41,162 - base_scraper - ERROR - API密钥未设置，请在config.py中设置DOUBAN_API_KEY或初始化时提供
2025-11-03 16:46:41,162 - base_scraper - ERROR - API密钥未设置，请在config.py中设置DOUBAN_API_KEY或初始化时提供
2025-11-03 16:46:41,162 - base_scraper - ERROR - API密钥未设置，请在config.py中设置DOUBAN_API_KEY或初始化时提供
2025-11-03 16:46:41,162 - base_scraper - ERROR - API密钥未设置，请在config.py中设置DOUBAN_API_KEY或初始化时提供
2025-11-03 16:46:41,162 - base_scraper - ERROR - API密钥未设置，请在config.py中设置DOUBAN_API_KEY或初始化时提供
2025-11-03 16:46:41,162 - base_scraper - ERROR - API密钥未设置，请在config.py中设置DOUBAN_API_KEY或初始化时提供
2025-11-03 16:46:41,162 - base_scraper - ERROR - API密钥未设置，请在config.py中设置DOUBAN_API_KEY或初始化时提供
2025-11-03 16:46:41,162 - base_scraper - ERROR - API密钥未设置，请在config.py中设置DOUBAN_API_KEY或初始化时提供
2025-11-03 16:46:41,162 - base_scraper - ERROR - API密钥未设置，请在config.py中设置DOUBAN_API_KEY或初始化时提供
2025-11-03 16:46:41,162 - base_scraper - ERROR - API密钥未设置，请在config.py中设置DOUBAN_API_KEY或初始化时提供
2025-11-03 16:46:41,162 - base_scraper - ERROR - API密钥未设置，请在config.py中设置DOUBAN_API_KEY或初始化时提供
2025-11-03 16:46:41,162 - base_scraper - ERROR - API密钥未设置，请在config.py中设置DOUBAN_API_KEY或初始化时提供
2025-11-03 16:46:41,162 - base_scraper - ERROR - API密钥未设置，请在config.py中设置DOUBAN_API_KEY或初始化时提供
2025-11-03 16:46:41,162 - base_scraper - ERROR - API密钥未设置，请在config.py中设置DOUBAN_API_KEY或初始化时提供
2025-11-03 16:46:41,162 - base_scraper - ERROR - API密钥未设置，请在config.py中设置DOUBAN_API_KEY或初始化时提供
2025-11-03 16:46:41,162 - base_scraper - ERROR - API密钥未设置，请在config.py中设置DOUBAN_API_KEY或初始化时提供
2025-11-03 16:46:41,162 - base_scraper - ERROR - API密钥未设置，请在config.py中设置DOUBAN_API_KEY或初始化时提供
2025-11-03 16:46:41,162 - base_scraper - ERROR - API密钥未设置，请在config.py中设置DOUBAN_API_KEY或初始化时提供
2025-11-03 16:46:41,162 - base_scraper - ERROR - API密钥未设置，请在config.py中设置DOUBAN_API_KEY或初始化时提供
2025-11-03 16:46:41,162 - base_scraper - ERROR - API密钥未设置，请在config.py中设置DOUBAN_API_KEY或初始化时提供
2025-11-03 16:46:41,162 - base_scraper - ERROR - API密钥未设置，请在config.py中设置DOUBAN_API_KEY或初始化时提供
2025-11-03 16:46:41,162 - base_scraper - ERROR - API密钥未设置，请在config.py中设置DOUBAN_API_KEY或初始化时提供
2025-11-03 16:46:41,162 - base_scraper - ERROR - API密钥未设置，请在config.py中设置DOUBAN_API_KEY或初始化时提供
2025-11-03 16:46:41,162 - base_scraper - ERROR - API密钥未设置，请在config.py中设置DOUBAN_API_KEY或初始化时提供
2025-11-03 16:46:41,162 - base_scraper - ERROR - API密钥未设置，请在config.py中设置DOUBAN_API_KEY或初始化时提供
2025-11-03 16:46:41,162 - base_scraper - ERROR - API密钥未设置，请在config.py中设置DOUBAN_API_KEY或初始化时提供
2025-11-03 16:46:41,162 - base_scraper - ERROR - API密钥未设置，请在config.py中设置DOUBAN_API_KEY或初始化时提供
2025-11-03 16:46:41,162 - base_scraper - ERROR - API密钥未设置，请在config.py中设置DOUBAN_API_KEY或初始化时提供
2025-11-03 16:46:54,855 - base_scraper - ERROR - API密钥未设置，请在config.py中设置DOUBAN_API_KEY或初始化时提供
2025-11-03 16:46:54,855 - base_scraper - INFO - 模拟查询: 2021年上海中学录取分数及学生来源...
2025-11-03 16:46:54,855 - base_scraper - ERROR - API密钥未设置，请在config.py中设置DOUBAN_API_KEY或初始化时提供
2025-11-03 16:46:54,855 - base_scraper - INFO - 模拟查询: 2022年上海中学录取分数及学生来源...
2025-11-03 16:46:54,856 - base_scraper - ERROR - API密钥未设置，请在config.py中设置DOUBAN_API_KEY或初始化时提供
2025-11-03 16:46:54,856 - base_scraper - INFO - 模拟查询: 2023年上海中学录取分数及学生来源...
2025-11-03 16:46:54,856 - base_scraper - ERROR - API密钥未设置，请在config.py中设置DOUBAN_API_KEY或初始化时提供
2025-11-03 16:46:54,856 - base_scraper - INFO - 模拟查询: 2024年上海中学录取分数及学生来源...
2025-11-03 16:46:54,856 - base_scraper - ERROR - API密钥未设置，请在config.py中设置DOUBAN_API_KEY或初始化时提供
2025-11-03 16:46:54,856 - base_scraper - INFO - 模拟查询: 2025年上海中学录取分数及学生来源...
2025-11-03 16:46:54,856 - base_scraper - ERROR - API密钥未设置，请在config.py中设置DOUBAN_API_KEY或初始化时提供
2025-11-03 16:46:54,856 - base_scraper - INFO - 模拟查询: 2021年华师大二附中录取分数及学生来源...
2025-11-03 16:46:54,858 - base_scraper - ERROR - API密钥未设置，请在config.py中设置DOUBAN_API_KEY或初始化时提供
2025-11-03 16:46:54,858 - base_scraper - INFO - 模拟查询: 2022年华师大二附中录取分数及学生来源...
2025-11-03 16:46:54,858 - base_scraper - ERROR - API密钥未设置，请在config.py中设置DOUBAN_API_KEY或初始化时提供
2025-11-03 16:46:54,858 - base_scraper - INFO - 模拟查询: 2023年华师大二附中录取分数及学生来源...
2025-11-03 16:46:54,858 - base_scraper - ERROR - API密钥未设置，请在config.py中设置DOUBAN_API_KEY或初始化时提供
2025-11-03 16:46:54,858 - base_scraper - INFO - 模拟查询: 2024年华师大二附中录取分数及学生来源...
2025-11-03 16:46:54,858 - base_scraper - ERROR - API密钥未设置，请在config.py中设置DOUBAN_API_KEY或初始化时提供
2025-11-03 16:46:54,858 - base_scraper - INFO - 模拟查询: 2025年华师大二附中录取分数及学生来源...
2025-11-03 16:46:54,858 - base_scraper - ERROR - API密钥未设置，请在config.py中设置DOUBAN_API_KEY或初始化时提供
2025-11-03 16:46:54,858 - base_scraper - INFO - 模拟查询: 2021年复旦附中录取分数及学生来源...
2025-11-03 16:46:54,859 - base_scraper - ERROR - API密钥未设置，请在config.py中设置DOUBAN_API_KEY或初始化时提供
2025-11-03 16:46:54,859 - base_scraper - INFO - 模拟查询: 2022年复旦附中录取分数及学生来源...
2025-11-03 16:46:54,859 - base_scraper - ERROR - API密钥未设置，请在config.py中设置DOUBAN_API_KEY或初始化时提供
2025-11-03 16:46:54,859 - base_scraper - INFO - 模拟查询: 2023年复旦附中录取分数及学生来源...
2025-11-03 16:46:54,859 - base_scraper - ERROR - API密钥未设置，请在config.py中设置DOUBAN_API_KEY或初始化时提供
2025-11-03 16:46:54,859 - base_scraper - INFO - 模拟查询: 2024年复旦附中录取分数及学生来源...
2025-11-03 16:46:54,859 - base_scraper - ERROR - API密钥未设置，请在config.py中设置DOUBAN_API_KEY或初始化时提供
2025-11-03 16:46:54,859 - base_scraper - INFO - 模拟查询: 2025年复旦附中录取分数及学生来源...
2025-11-03 16:46:54,859 - base_scraper - ERROR - API密钥未设置，请在config.py中设置DOUBAN_API_KEY或初始化时提供
2025-11-03 16:46:54,859 - base_scraper - INFO - 模拟查询: 2021年交大附中录取分数及学生来源...
2025-11-03 16:46:54,859 - base_scraper - ERROR - API密钥未设置，请在config.py中设置DOUBAN_API_KEY或初始化时提供
2025-11-03 16:46:54,859 - base_scraper - INFO - 模拟查询: 2022年交大附中录取分数及学生来源...
2025-11-03 16:46:54,859 - base_scraper - ERROR - API密钥未设置，请在config.py中设置DOUBAN_API_KEY或初始化时提供
2025-11-03 16:46:54,859 - base_scraper - INFO - 模拟查询: 2023年交大附中录取分数及学生来源...
2025-11-03 16:46:54,859 - base_scraper - ERROR - API密钥未设置，请在config.py中设置DOUBAN_API_KEY或初始化时提供
2025-11-03 16:46:54,859 - base_scraper - INFO - 模拟查询: 2024年交大附中录取分数及学生来源...
2025-11-03 16:46:54,859 - base_scraper - ERROR - API密钥未设置，请在config.py中设置DOUBAN_API_KEY或初始化时提供
2025-11-03 16:46:54,859 - base_scraper - INFO - 模拟查询: 2025年交大附中录取分数及学生来源...
2025-11-03 16:46:54,860 - base_scraper - ERROR - API密钥未设置，请在config.py中设置DOUBAN_API_KEY或初始化时提供
2025-11-03 16:46:54,860 - base_scraper - ERROR - API密钥未设置，请在config.py中设置DOUBAN_API_KEY或初始化时提供
2025-11-03 16:46:54,860 - base_scraper - ERROR - API密钥未设置，请在config.py中设置DOUBAN_API_KEY或初始化时提供
2025-11-03 16:46:54,860 - base_scraper - ERROR - API密钥未设置，请在config.py中设置DOUBAN_API_KEY或初始化时提供
2025-11-03 16:46:54,860 - base_scraper - ERROR - API密钥未设置，请在config.py中设置DOUBAN_API_KEY或初始化时提供
2025-11-03 16:46:54,860 - base_scraper - ERROR - API密钥未设置，请在config.py中设置DOUBAN_API_KEY或初始化时提供
2025-11-03 16:46:54,860 - base_scraper - ERROR - API密钥未设置，请在config.py中设置DOUBAN_API_KEY或初始化时提供
2025-11-03 16:46:54,860 - base_scraper - ERROR - API密钥未设置，请在config.py中设置DOUBAN_API_KEY或初始化时提供
2025-11-03 16:46:54,860 - base_scraper - ERROR - API密钥未设置，请在config.py中设置DOUBAN_API_KEY或初始化时提供
2025-11-03 16:46:54,860 - base_scraper - ERROR - API密钥未设置，请在config.py中设置DOUBAN_API_KEY或初始化时提供
2025-11-03 16:46:54,860 - base_scraper - ERROR - API密钥未设置，请在config.py中设置DOUBAN_API_KEY或初始化时提供
2025-11-03 16:46:54,860 - base_scraper - ERROR - API密钥未设置，请在config.py中设置DOUBAN_API_KEY或初始化时提供
2025-11-03 16:46:54,860 - base_scraper - ERROR - API密钥未设置，请在config.py中设置DOUBAN_API_KEY或初始化时提供
2025-11-03 16:46:54,860 - base_scraper - ERROR - API密钥未设置，请在config.py中设置DOUBAN_API_KEY或初始化时提供
2025-11-03 16:46:54,860 - base_scraper - ERROR - API密钥未设置，请在config.py中设置DOUBAN_API_KEY或初始化时提供
2025-11-03 16:46:54,861 - base_scraper - ERROR - API密钥未设置，请在config.py中设置DOUBAN_API_KEY或初始化时提供
2025-11-03 16:46:54,861 - base_scraper - ERROR - API密钥未设置，请在config.py中设置DOUBAN_API_KEY或初始化时提供
2025-11-03 16:46:54,861 - base_scraper - ERROR - API密钥未设置，请在config.py中设置DOUBAN_API_KEY或初始化时提供
2025-11-03 16:46:54,861 - base_scraper - ERROR - API密钥未设置，请在config.py中设置DOUBAN_API_KEY或初始化时提供
2025-11-03 16:46:54,861 - base_scraper - ERROR - API密钥未设置，请在config.py中设置DOUBAN_API_KEY或初始化时提供
2025-11-03 16:46:58,979 - base_scraper - ERROR - API密钥未设置，请在config.py中设置DOUBAN_API_KEY或初始化时提供
2025-11-03 16:46:58,980 - base_scraper - INFO - 模拟查询: 2021年南洋模范录取分数及学生来源...
2025-11-03 16:46:58,980 - base_scraper - ERROR - API密钥未设置，请在config.py中设置DOUBAN_API_KEY或初始化时提供
2025-11-03 16:46:58,980 - base_scraper - INFO - 模拟查询: 2022年南洋模范录取分数及学生来源...
2025-11-03 16:46:58,980 - base_scraper - ERROR - API密钥未设置，请在config.py中设置DOUBAN_API_KEY或初始化时提供
2025-11-03 16:46:58,980 - base_scraper - INFO - 模拟查询: 2023年南洋模范录取分数及学生来源...
2025-11-03 16:46:58,980 - base_scraper - ERROR - API密钥未设置，请在config.py中设置DOUBAN_API_KEY或初始化时提供
2025-11-03 16:46:58,980 - base_scraper - INFO - 模拟查询: 2024年南洋模范录取分数及学生来源...
2025-11-03 16:46:58,980 - base_scraper - ERROR - API密钥未设置，请在config.py中设置DOUBAN_API_KEY或初始化时提供
2025-11-03 16:46:58,980 - base_scraper - INFO - 模拟查询: 2025年南洋模范录取分数及学生来源...
2025-11-03 16:46:58,980 - base_scraper - ERROR - API密钥未设置，请在config.py中设置DOUBAN_API_KEY或初始化时提供
2025-11-03 16:46:58,980 - base_scraper - INFO - 模拟查询: 2021年格致中学录取分数及学生来源...
2025-11-03 16:46:58,980 - base_scraper - ERROR - API密钥未设置，请在config.py中设置DOUBAN_API_KEY或初始化时提供
2025-11-03 16:46:58,980 - base_scraper - INFO - 模拟查询: 2022年格致中学录取分数及学生来源...
2025-11-03 16:46:58,981 - base_scraper - ERROR - API密钥未设置，请在config.py中设置DOUBAN_API_KEY或初始化时提供
2025-11-03 16:46:58,981 - base_scraper - INFO - 模拟查询: 2023年格致中学录取分数及学生来源...
2025-11-03 16:46:58,981 - base_scraper - ERROR - API密钥未设置，请在config.py中设置DOUBAN_API_KEY或初始化时提供
2025-11-03 16:46:58,981 - base_scraper - INFO - 模拟查询: 2024年格致中学录取分数及学生来源...
2025-11-03 16:46:58,981 - base_scraper - ERROR - API密钥未设置，请在config.py中设置DOUBAN_API_KEY或初始化时提供
2025-11-03 16:46:58,981 - base_scraper - INFO - 模拟查询: 2025年格致中学录取分数及学生来源...
2025-11-03 16:46:58,981 - base_scraper - ERROR - API密钥未设置，请在config.py中设置DOUBAN_API_KEY或初始化时提供
2025-11-03 16:46:58,981 - base_scraper - INFO - 模拟查询: 2021年大同中学录取分数及学生来源...
2025-11-03 16:46:58,981 - base_scraper - ERROR - API密钥未设置，请在config.py中设置DOUBAN_API_KEY或初始化时提供
2025-11-03 16:46:58,981 - base_scraper - INFO - 模拟查询: 2022年大同中学录取分数及学生来源...
2025-11-03 16:46:58,981 - base_scraper - ERROR - API密钥未设置，请在config.py中设置DOUBAN_API_KEY或初始化时提供
2025-11-03 16:46:58,981 - base_scraper - INFO - 模拟查询: 2023年大同中学录取分数及学生来源...
2025-11-03 16:46:58,981 - base_scraper - ERROR - API密钥未设置，请在config.py中设置DOUBAN_API_KEY或初始化时提供
2025-11-03 16:46:58,981 - base_scraper - INFO - 模拟查询: 2024年大同中学录取分数及学生来源...
2025-11-03 16:46:58,981 - base_scraper - ERROR - API密钥未设置，请在config.py中设置DOUBAN_API_KEY或初始化时提供
2025-11-03 16:46:58,981 - base_scraper - INFO - 模拟查询: 2025年大同中学录取分数及学生来源...
2025-11-03 16:46:58,981 - base_scraper - ERROR - API密钥未设置，请在config.py中设置DOUBAN_API_KEY或初始化时提供
2025-11-03 16:46:58,981 - base_scraper - INFO - 模拟查询: 2021年控江中学录取分数及学生来源...
2025-11-03 16:46:58,981 - base_scraper - ERROR - API密钥未设置，请在config.py中设置DOUBAN_API_KEY或初始化时提供
2025-11-03 16:46:58,981 - base_scraper - INFO - 模拟查询: 2022年控江中学录取分数及学生来源...
2025-11-03 16:46:58,981 - base_scraper - ERROR - API密钥未设置，请在config.py中设置DOUBAN_API_KEY或初始化时提供
2025-11-03 16:46:58,981 - base_scraper - INFO - 模拟查询: 2023年控江中学录取分数及学生来源...
2025-11-03 16:46:58,981 - base_scraper - ERROR - API密钥未设置，请在config.py中设置DOUBAN_API_KEY或初始化时提供
2025-11-03 16:46:58,981 - base_scraper - INFO - 模拟查询: 2024年控江中学录取分数及学生来源...
2025-11-03 16:46:58,982 - base_scraper - ERROR - API密钥未设置，请在config.py中设置DOUBAN_API_KEY或初始化时提供
2025-11-03 16:46:58,982 - base_scraper - INFO - 模拟查询: 2025年控江中学录取分数及学生来源...
2025-11-03 16:46:58,982 - base_scraper - ERROR - API密钥未设置，请在config.py中设置DOUBAN_API_KEY或初始化时提供
2025-11-03 16:46:58,982 - base_scraper - INFO - 模拟查询: 2021年七宝中学录取分数及学生来源...
2025-11-03 16:46:58,982 - base_scraper - ERROR - API密钥未设置，请在config.py中设置DOUBAN_API_KEY或初始化时提供
2025-11-03 16:46:58,982 - base_scraper - INFO - 模拟查询: 2022年七宝中学录取分数及学生来源...
2025-11-03 16:46:58,982 - base_scraper - ERROR - API密钥未设置，请在config.py中设置DOUBAN_API_KEY或初始化时提供
2025-11-03 16:46:58,982 - base_scraper - INFO - 模拟查询: 2023年七宝中学录取分数及学生来源...
2025-11-03 16:46:58,982 - base_scraper - ERROR - API密钥未设置，请在config.py中设置DOUBAN_API_KEY或初始化时提供
2025-11-03 16:46:58,982 - base_scraper - INFO - 模拟查询: 2024年七宝中学录取分数及学生来源...
2025-11-03 16:46:58,982 - base_scraper - ERROR - API密钥未设置，请在config.py中设置DOUBAN_API_KEY或初始化时提供
2025-11-03 16:46:58,982 - base_scraper - INFO - 模拟查询: 2025年七宝中学录取分数及学生来源...
2025-11-03 16:46:58,982 - base_scraper - ERROR - API密钥未设置，请在config.py中设置DOUBAN_API_KEY或初始化时提供
2025-11-03 16:46:58,982 - base_scraper - INFO - 模拟查询: 2021年延安中学录取分数及学生来源...
2025-11-03 16:46:58,982 - base_scraper - ERROR - API密钥未设置，请在config.py中设置DOUBAN_API_KEY或初始化时提供
2025-11-03 16:46:58,982 - base_scraper - INFO - 模拟查询: 2022年延安中学录取分数及学生来源...
2025-11-03 16:46:58,982 - base_scraper - ERROR - API密钥未设置，请在config.py中设置DOUBAN_API_KEY或初始化时提供
2025-11-03 16:46:58,982 - base_scraper - INFO - 模拟查询: 2023年延安中学录取分数及学生来源...
2025-11-03 16:46:58,982 - base_scraper - ERROR - API密钥未设置，请在config.py中设置DOUBAN_API_KEY或初始化时提供
2025-11-03 16:46:58,982 - base_scraper - INFO - 模拟查询: 2024年延安中学录取分数及学生来源...
2025-11-03 16:46:58,982 - base_scraper - ERROR - API密钥未设置，请在config.py中设置DOUBAN_API_KEY或初始化时提供
2025-11-03 16:46:58,982 - base_scraper - INFO - 模拟查询: 2025年延安中学录取分数及学生来源...
2025-11-03 16:46:58,982 - base_scraper - ERROR - API密钥未设置，请在config.py中设置DOUBAN_API_KEY或初始化时提供
2025-11-03 16:46:58,982 - base_scraper - INFO - 模拟查询: 2021年建平中学录取分数及学生来源...
2025-11-03 16:46:58,983 - base_scraper - ERROR - API密钥未设置，请在config.py中设置DOUBAN_API_KEY或初始化时提供
2025-11-03 16:46:58,983 - base_scraper - INFO - 模拟查询: 2022年建平中学录取分数及学生来源...
2025-11-03 16:46:58,983 - base_scraper - ERROR - API密钥未设置，请在config.py中设置DOUBAN_API_KEY或初始化时提供
2025-11-03 16:46:58,983 - base_scraper - INFO - 模拟查询: 2023年建平中学录取分数及学生来源...
2025-11-03 16:46:58,983 - base_scraper - ERROR - API密钥未设置，请在config.py中设置DOUBAN_API_KEY或初始化时提供
2025-11-03 16:46:58,983 - base_scraper - INFO - 模拟查询: 2024年建平中学录取分数及学生来源...
2025-11-03 16:46:58,983 - base_scraper - ERROR - API密钥未设置，请在config.py中设置DOUBAN_API_KEY或初始化时提供
2025-11-03 16:46:58,983 - base_scraper - INFO - 模拟查询: 2025年建平中学录取分数及学生来源...
2025-11-03 16:46:58,983 - base_scraper - ERROR - API密钥未设置，请在config.py中设置DOUBAN_API_KEY或初始化时提供
2025-11-03 16:46:58,983 - base_scraper - INFO - 模拟查询: 2021年复兴高级中学录取分数及学生来源...
2025-11-03 16:46:58,983 - base_scraper - ERROR - API密钥未设置，请在config.py中设置DOUBAN_API_KEY或初始化时提供
2025-11-03 16:46:58,983 - base_scraper - INFO - 模拟查询: 2022年复兴高级中学录取分数及学生来源...
2025-11-03 16:46:58,983 - base_scraper - ERROR - API密钥未设置，请在config.py中设置DOUBAN_API_KEY或初始化时提供
2025-11-03 16:46:58,983 - base_scraper - INFO - 模拟查询: 2023年复兴高级中学录取分数及学生来源...
2025-11-03 16:46:58,983 - base_scraper - ERROR - API密钥未设置，请在config.py中设置DOUBAN_API_KEY或初始化时提供
2025-11-03 16:46:58,983 - base_scraper - INFO - 模拟查询: 2024年复兴高级中学录取分数及学生来源...
2025-11-03 16:46:58,983 - base_scraper - ERROR - API密钥未设置，请在config.py中设置DOUBAN_API_KEY或初始化时提供
2025-11-03 16:46:58,983 - base_scraper - INFO - 模拟查询: 2025年复兴高级中学录取分数及学生来源...
2025-11-03 16:46:58,984 - base_scraper - ERROR - API密钥未设置，请在config.py中设置DOUBAN_API_KEY或初始化时提供
2025-11-03 16:46:58,984 - base_scraper - ERROR - API密钥未设置，请在config.py中设置DOUBAN_API_KEY或初始化时提供
2025-11-03 16:46:58,984 - base_scraper - ERROR - API密钥未设置，请在config.py中设置DOUBAN_API_KEY或初始化时提供
2025-11-03 16:46:58,984 - base_scraper - ERROR - API密钥未设置，请在config.py中设置DOUBAN_API_KEY或初始化时提供
2025-11-03 16:46:58,984 - base_scraper - ERROR - API密钥未设置，请在config.py中设置DOUBAN_API_KEY或初始化时提供
2025-11-03 16:46:58,984 - base_scraper - ERROR - API密钥未设置，请在config.py中设置DOUBAN_API_KEY或初始化时提供
2025-11-03 16:46:58,984 - base_scraper - ERROR - API密钥未设置，请在config.py中设置DOUBAN_API_KEY或初始化时提供
2025-11-03 16:46:58,984 - base_scraper - ERROR - API密钥未设置，请在config.py中设置DOUBAN_API_KEY或初始化时提供
2025-11-03 16:46:58,984 - base_scraper - ERROR - API密钥未设置，请在config.py中设置DOUBAN_API_KEY或初始化时提供
2025-11-03 16:46:58,984 - base_scraper - ERROR - API密钥未设置，请在config.py中设置DOUBAN_API_KEY或初始化时提供
2025-11-03 16:46:58,984 - base_scraper - ERROR - API密钥未设置，请在config.py中设置DOUBAN_API_KEY或初始化时提供
2025-11-03 16:46:58,984 - base_scraper - ERROR - API密钥未设置，请在config.py中设置DOUBAN_API_KEY或初始化时提供
2025-11-03 16:46:58,984 - base_scraper - ERROR - API密钥未设置，请在config.py中设置DOUBAN_API_KEY或初始化时提供
2025-11-03 16:46:58,984 - base_scraper - ERROR - API密钥未设置，请在config.py中设置DOUBAN_API_KEY或初始化时提供
2025-11-03 16:46:58,984 - base_scraper - ERROR - API密钥未设置，请在config.py中设置DOUBAN_API_KEY或初始化时提供
2025-11-03 16:46:58,984 - base_scraper - ERROR - API密钥未设置，请在config.py中设置DOUBAN_API_KEY或初始化时提供
2025-11-03 16:46:58,984 - base_scraper - ERROR - API密钥未设置，请在config.py中设置DOUBAN_API_KEY或初始化时提供
2025-11-03 16:46:58,984 - base_scraper - ERROR - API密钥未设置，请在config.py中设置DOUBAN_API_KEY或初始化时提供
2025-11-03 16:46:58,984 - base_scraper - ERROR - API密钥未设置，请在config.py中设置DOUBAN_API_KEY或初始化时提供
2025-11-03 16:46:58,984 - base_scraper - ERROR - API密钥未设置，请在config.py中设置DOUBAN_API_KEY或初始化时提供
2025-11-03 16:46:58,984 - base_scraper - ERROR - API密钥未设置，请在config.py中设置DOUBAN_API_KEY或初始化时提供
2025-11-03 16:46:58,984 - base_scraper - ERROR - API密钥未设置，请在config.py中设置DOUBAN_API_KEY或初始化时提供
2025-11-03 16:46:58,984 - base_scraper - ERROR - API密钥未设置，请在config.py中设置DOUBAN_API_KEY或初始化时提供
2025-11-03 16:46:58,984 - base_scraper - ERROR - API密钥未设置，请在config.py中设置DOUBAN_API_KEY或初始化时提供
2025-11-03 16:46:58,984 - base_scraper - ERROR - API密钥未设置，请在config.py中设置DOUBAN_API_KEY或初始化时提供
2025-11-03 16:46:58,984 - base_scraper - ERROR - API密钥未设置，请在config.py中设置DOUBAN_API_KEY或初始化时提供
2025-11-03 16:46:58,984 - base_scraper - ERROR - API密钥未设置，请在config.py中设置DOUBAN_API_KEY或初始化时提供
2025-11-03 16:46:58,984 - base_scraper - ERROR - API密钥未设置，请在config.py中设置DOUBAN_API_KEY或初始化时提供
2025-11-03 16:46:58,984 - base_scraper - ERROR - API密钥未设置，请在config.py中设置DOUBAN_API_KEY或初始化时提供
2025-11-03 16:46:58,984 - base_scraper - ERROR - API密钥未设置，请在config.py中设置DOUBAN_API_KEY或初始化时提供
2025-11-03 16:46:58,984 - base_scraper - ERROR - API密钥未设置，请在config.py中设置DOUBAN_API_KEY或初始化时提供
2025-11-03 16:46:58,984 - base_scraper - ERROR - API密钥未设置，请在config.py中设置DOUBAN_API_KEY或初始化时提供
2025-11-03 16:46:58,984 - base_scraper - ERROR - API密钥未设置，请在config.py中设置DOUBAN_API_KEY或初始化时提供
2025-11-03 16:46:58,984 - base_scraper - ERROR - API密钥未设置，请在config.py中设置DOUBAN_API_KEY或初始化时提供
2025-11-03 16:46:58,984 - base_scraper - ERROR - API密钥未设置，请在config.py中设置DOUBAN_API_KEY或初始化时提供
2025-11-03 16:46:58,984 - base_scraper - ERROR - API密钥未设置，请在config.py中设置DOUBAN_API_KEY或初始化时提供
2025-11-03 16:46:58,984 - base_scraper - ERROR - API密钥未设置，请在config.py中设置DOUBAN_API_KEY或初始化时提供
2025-11-03 16:46:58,984 - base_scraper - ERROR - API密钥未设置，请在config.py中设置DOUBAN_API_KEY或初始化时提供
2025-11-03 16:46:58,984 - base_scraper - ERROR - API密钥未设置，请在config.py中设置DOUBAN_API_KEY或初始化时提供
2025-11-03 16:46:58,984 - base_scraper - ERROR - API密钥未设置，请在config.py中设置DOUBAN_API_KEY或初始化时提供
2025-11-03 16:47:02,463 - base_scraper - ERROR - API密钥未设置，请在config.py中设置DOUBAN_API_KEY或初始化时提供
2025-11-03 16:47:02,464 - base_scraper - INFO - 模拟查询: 2021年上海市实验学校录取分数及学生来源...
2025-11-03 16:47:02,464 - base_scraper - ERROR - API密钥未设置，请在config.py中设置DOUBAN_API_KEY或初始化时提供
2025-11-03 16:47:02,464 - base_scraper - INFO - 模拟查询: 2022年上海市实验学校录取分数及学生来源...
2025-11-03 16:47:02,464 - base_scraper - ERROR - API密钥未设置，请在config.py中设置DOUBAN_API_KEY或初始化时提供
2025-11-03 16:47:02,464 - base_scraper - INFO - 模拟查询: 2023年上海市实验学校录取分数及学生来源...
2025-11-03 16:47:02,464 - base_scraper - ERROR - API密钥未设置，请在config.py中设置DOUBAN_API_KEY或初始化时提供
2025-11-03 16:47:02,464 - base_scraper - INFO - 模拟查询: 2024年上海市实验学校录取分数及学生来源...
2025-11-03 16:47:02,464 - base_scraper - ERROR - API密钥未设置，请在config.py中设置DOUBAN_API_KEY或初始化时提供
2025-11-03 16:47:02,464 - base_scraper - INFO - 模拟查询: 2025年上海市实验学校录取分数及学生来源...
2025-11-03 16:47:02,464 - base_scraper - ERROR - API密钥未设置，请在config.py中设置DOUBAN_API_KEY或初始化时提供
2025-11-03 16:47:02,464 - base_scraper - INFO - 模拟查询: 2021年位育中学录取分数及学生来源...
2025-11-03 16:47:02,464 - base_scraper - ERROR - API密钥未设置，请在config.py中设置DOUBAN_API_KEY或初始化时提供
2025-11-03 16:47:02,464 - base_scraper - INFO - 模拟查询: 2022年位育中学录取分数及学生来源...
2025-11-03 16:47:02,464 - base_scraper - ERROR - API密钥未设置，请在config.py中设置DOUBAN_API_KEY或初始化时提供
2025-11-03 16:47:02,464 - base_scraper - INFO - 模拟查询: 2023年位育中学录取分数及学生来源...
2025-11-03 16:47:02,464 - base_scraper - ERROR - API密钥未设置，请在config.py中设置DOUBAN_API_KEY或初始化时提供
2025-11-03 16:47:02,464 - base_scraper - INFO - 模拟查询: 2024年位育中学录取分数及学生来源...
2025-11-03 16:47:02,465 - base_scraper - ERROR - API密钥未设置，请在config.py中设置DOUBAN_API_KEY或初始化时提供
2025-11-03 16:47:02,465 - base_scraper - INFO - 模拟查询: 2025年位育中学录取分数及学生来源...
2025-11-03 16:47:02,465 - base_scraper - ERROR - API密钥未设置，请在config.py中设置DOUBAN_API_KEY或初始化时提供
2025-11-03 16:47:02,465 - base_scraper - INFO - 模拟查询: 2021年向明中学录取分数及学生来源...
2025-11-03 16:47:02,465 - base_scraper - ERROR - API密钥未设置，请在config.py中设置DOUBAN_API_KEY或初始化时提供
2025-11-03 16:47:02,465 - base_scraper - INFO - 模拟查询: 2022年向明中学录取分数及学生来源...
2025-11-03 16:47:02,465 - base_scraper - ERROR - API密钥未设置，请在config.py中设置DOUBAN_API_KEY或初始化时提供
2025-11-03 16:47:02,465 - base_scraper - INFO - 模拟查询: 2023年向明中学录取分数及学生来源...
2025-11-03 16:47:02,465 - base_scraper - ERROR - API密钥未设置，请在config.py中设置DOUBAN_API_KEY或初始化时提供
2025-11-03 16:47:02,465 - base_scraper - INFO - 模拟查询: 2024年向明中学录取分数及学生来源...
2025-11-03 16:47:02,465 - base_scraper - ERROR - API密钥未设置，请在config.py中设置DOUBAN_API_KEY或初始化时提供
2025-11-03 16:47:02,465 - base_scraper - INFO - 模拟查询: 2025年向明中学录取分数及学生来源...
2025-11-03 16:47:02,465 - base_scraper - ERROR - API密钥未设置，请在config.py中设置DOUBAN_API_KEY或初始化时提供
2025-11-03 16:47:02,465 - base_scraper - INFO - 模拟查询: 2021年市西中学录取分数及学生来源...
2025-11-03 16:47:02,465 - base_scraper - ERROR - API密钥未设置，请在config.py中设置DOUBAN_API_KEY或初始化时提供
2025-11-03 16:47:02,465 - base_scraper - INFO - 模拟查询: 2022年市西中学录取分数及学生来源...
2025-11-03 16:47:02,465 - base_scraper - ERROR - API密钥未设置，请在config.py中设置DOUBAN_API_KEY或初始化时提供
2025-11-03 16:47:02,465 - base_scraper - INFO - 模拟查询: 2023年市西中学录取分数及学生来源...
2025-11-03 16:47:02,465 - base_scraper - ERROR - API密钥未设置，请在config.py中设置DOUBAN_API_KEY或初始化时提供
2025-11-03 16:47:02,465 - base_scraper - INFO - 模拟查询: 2024年市西中学录取分数及学生来源...
2025-11-03 16:47:02,465 - base_scraper - ERROR - API密钥未设置，请在config.py中设置DOUBAN_API_KEY或初始化时提供
2025-11-03 16:47:02,465 - base_scraper - INFO - 模拟查询: 2025年市西中学录取分数及学生来源...
2025-11-03 16:47:02,465 - base_scraper - ERROR - API密钥未设置，请在config.py中设置DOUBAN_API_KEY或初始化时提供
2025-11-03 16:47:02,466 - base_scraper - INFO - 模拟查询: 2021年上海市平和双语学校录取分数及学生来源...
2025-11-03 16:47:02,466 - base_scraper - ERROR - API密钥未设置，请在config.py中设置DOUBAN_API_KEY或初始化时提供
2025-11-03 16:47:02,466 - base_scraper - INFO - 模拟查询: 2022年上海市平和双语学校录取分数及学生来源...
2025-11-03 16:47:02,466 - base_scraper - ERROR - API密钥未设置，请在config.py中设置DOUBAN_API_KEY或初始化时提供
2025-11-03 16:47:02,466 - base_scraper - INFO - 模拟查询: 2023年上海市平和双语学校录取分数及学生来源...
2025-11-03 16:47:02,466 - base_scraper - ERROR - API密钥未设置，请在config.py中设置DOUBAN_API_KEY或初始化时提供
2025-11-03 16:47:02,466 - base_scraper - INFO - 模拟查询: 2024年上海市平和双语学校录取分数及学生来源...
2025-11-03 16:47:02,466 - base_scraper - ERROR - API密钥未设置，请在config.py中设置DOUBAN_API_KEY或初始化时提供
2025-11-03 16:47:02,466 - base_scraper - INFO - 模拟查询: 2025年上海市平和双语学校录取分数及学生来源...
2025-11-03 16:47:02,466 - base_scraper - ERROR - API密钥未设置，请在config.py中设置DOUBAN_API_KEY或初始化时提供
2025-11-03 16:47:02,466 - base_scraper - INFO - 模拟查询: 2021年华东师大一附中录取分数及学生来源...
2025-11-03 16:47:02,466 - base_scraper - ERROR - API密钥未设置，请在config.py中设置DOUBAN_API_KEY或初始化时提供
2025-11-03 16:47:02,466 - base_scraper - INFO - 模拟查询: 2022年华东师大一附中录取分数及学生来源...
2025-11-03 16:47:02,466 - base_scraper - ERROR - API密钥未设置，请在config.py中设置DOUBAN_API_KEY或初始化时提供
2025-11-03 16:47:02,466 - base_scraper - INFO - 模拟查询: 2023年华东师大一附中录取分数及学生来源...
2025-11-03 16:47:02,466 - base_scraper - ERROR - API密钥未设置，请在config.py中设置DOUBAN_API_KEY或初始化时提供
2025-11-03 16:47:02,466 - base_scraper - INFO - 模拟查询: 2024年华东师大一附中录取分数及学生来源...
2025-11-03 16:47:02,466 - base_scraper - ERROR - API密钥未设置，请在config.py中设置DOUBAN_API_KEY或初始化时提供
2025-11-03 16:47:02,466 - base_scraper - INFO - 模拟查询: 2025年华东师大一附中录取分数及学生来源...
2025-11-03 16:47:02,467 - base_scraper - ERROR - API密钥未设置，请在config.py中设置DOUBAN_API_KEY或初始化时提供
2025-11-03 16:47:02,467 - base_scraper - INFO - 模拟查询: 2021年上海外国语大学附属中学录取分数及学生来源...
2025-11-03 16:47:02,467 - base_scraper - ERROR - API密钥未设置，请在config.py中设置DOUBAN_API_KEY或初始化时提供
2025-11-03 16:47:02,467 - base_scraper - INFO - 模拟查询: 2022年上海外国语大学附属中学录取分数及学生来源...
2025-11-03 16:47:02,467 - base_scraper - ERROR - API密钥未设置，请在config.py中设置DOUBAN_API_KEY或初始化时提供
2025-11-03 16:47:02,467 - base_scraper - INFO - 模拟查询: 2023年上海外国语大学附属中学录取分数及学生来源...
2025-11-03 16:47:02,467 - base_scraper - ERROR - API密钥未设置，请在config.py中设置DOUBAN_API_KEY或初始化时提供
2025-11-03 16:47:02,467 - base_scraper - INFO - 模拟查询: 2024年上海外国语大学附属中学录取分数及学生来源...
2025-11-03 16:47:02,467 - base_scraper - ERROR - API密钥未设置，请在config.py中设置DOUBAN_API_KEY或初始化时提供
2025-11-03 16:47:02,467 - base_scraper - INFO - 模拟查询: 2025年上海外国语大学附属中学录取分数及学生来源...
2025-11-03 16:47:02,467 - base_scraper - ERROR - API密钥未设置，请在config.py中设置DOUBAN_API_KEY或初始化时提供
2025-11-03 16:47:02,467 - base_scraper - INFO - 模拟查询: 2021年上海市曹杨第二中学录取分数及学生来源...
2025-11-03 16:47:02,467 - base_scraper - ERROR - API密钥未设置，请在config.py中设置DOUBAN_API_KEY或初始化时提供
2025-11-03 16:47:02,467 - base_scraper - INFO - 模拟查询: 2022年上海市曹杨第二中学录取分数及学生来源...
2025-11-03 16:47:02,467 - base_scraper - ERROR - API密钥未设置，请在config.py中设置DOUBAN_API_KEY或初始化时提供
2025-11-03 16:47:02,467 - base_scraper - INFO - 模拟查询: 2023年上海市曹杨第二中学录取分数及学生来源...
2025-11-03 16:47:02,467 - base_scraper - ERROR - API密钥未设置，请在config.py中设置DOUBAN_API_KEY或初始化时提供
2025-11-03 16:47:02,467 - base_scraper - INFO - 模拟查询: 2024年上海市曹杨第二中学录取分数及学生来源...
2025-11-03 16:47:02,467 - base_scraper - ERROR - API密钥未设置，请在config.py中设置DOUBAN_API_KEY或初始化时提供
2025-11-03 16:47:02,467 - base_scraper - INFO - 模拟查询: 2025年上海市曹杨第二中学录取分数及学生来源...
2025-11-03 16:47:02,468 - base_scraper - ERROR - API密钥未设置，请在config.py中设置DOUBAN_API_KEY或初始化时提供
2025-11-03 16:47:02,468 - base_scraper - INFO - 模拟查询: 2021年上海市晋元高级中学录取分数及学生来源...
2025-11-03 16:47:02,468 - base_scraper - ERROR - API密钥未设置，请在config.py中设置DOUBAN_API_KEY或初始化时提供
2025-11-03 16:47:02,468 - base_scraper - INFO - 模拟查询: 2022年上海市晋元高级中学录取分数及学生来源...
2025-11-03 16:47:02,468 - base_scraper - ERROR - API密钥未设置，请在config.py中设置DOUBAN_API_KEY或初始化时提供
2025-11-03 16:47:02,468 - base_scraper - INFO - 模拟查询: 2023年上海市晋元高级中学录取分数及学生来源...
2025-11-03 16:47:02,468 - base_scraper - ERROR - API密钥未设置，请在config.py中设置DOUBAN_API_KEY或初始化时提供
2025-11-03 16:47:02,468 - base_scraper - INFO - 模拟查询: 2024年上海市晋元高级中学录取分数及学生来源...
2025-11-03 16:47:02,468 - base_scraper - ERROR - API密钥未设置，请在config.py中设置DOUBAN_API_KEY或初始化时提供
2025-11-03 16:47:02,468 - base_scraper - INFO - 模拟查询: 2025年上海市晋元高级中学录取分数及学生来源...
2025-11-03 16:47:02,469 - base_scraper - ERROR - API密钥未设置，请在config.py中设置DOUBAN_API_KEY或初始化时提供
2025-11-03 16:47:02,469 - base_scraper - ERROR - API密钥未设置，请在config.py中设置DOUBAN_API_KEY或初始化时提供
2025-11-03 16:47:02,469 - base_scraper - ERROR - API密钥未设置，请在config.py中设置DOUBAN_API_KEY或初始化时提供
2025-11-03 16:47:02,469 - base_scraper - ERROR - API密钥未设置，请在config.py中设置DOUBAN_API_KEY或初始化时提供
2025-11-03 16:47:02,469 - base_scraper - ERROR - API密钥未设置，请在config.py中设置DOUBAN_API_KEY或初始化时提供
2025-11-03 16:47:02,469 - base_scraper - ERROR - API密钥未设置，请在config.py中设置DOUBAN_API_KEY或初始化时提供
2025-11-03 16:47:02,469 - base_scraper - ERROR - API密钥未设置，请在config.py中设置DOUBAN_API_KEY或初始化时提供
2025-11-03 16:47:02,469 - base_scraper - ERROR - API密钥未设置，请在config.py中设置DOUBAN_API_KEY或初始化时提供
2025-11-03 16:47:02,469 - base_scraper - ERROR - API密钥未设置，请在config.py中设置DOUBAN_API_KEY或初始化时提供
2025-11-03 16:47:02,469 - base_scraper - ERROR - API密钥未设置，请在config.py中设置DOUBAN_API_KEY或初始化时提供
2025-11-03 16:47:02,469 - base_scraper - ERROR - API密钥未设置，请在config.py中设置DOUBAN_API_KEY或初始化时提供
2025-11-03 16:47:02,469 - base_scraper - ERROR - API密钥未设置，请在config.py中设置DOUBAN_API_KEY或初始化时提供
2025-11-03 16:47:02,469 - base_scraper - ERROR - API密钥未设置，请在config.py中设置DOUBAN_API_KEY或初始化时提供
2025-11-03 16:47:02,469 - base_scraper - ERROR - API密钥未设置，请在config.py中设置DOUBAN_API_KEY或初始化时提供
2025-11-03 16:47:02,469 - base_scraper - ERROR - API密钥未设置，请在config.py中设置DOUBAN_API_KEY或初始化时提供
2025-11-03 16:47:02,469 - base_scraper - ERROR - API密钥未设置，请在config.py中设置DOUBAN_API_KEY或初始化时提供
2025-11-03 16:47:02,469 - base_scraper - ERROR - API密钥未设置，请在config.py中设置DOUBAN_API_KEY或初始化时提供
2025-11-03 16:47:02,469 - base_scraper - ERROR - API密钥未设置，请在config.py中设置DOUBAN_API_KEY或初始化时提供
2025-11-03 16:47:02,469 - base_scraper - ERROR - API密钥未设置，请在config.py中设置DOUBAN_API_KEY或初始化时提供
2025-11-03 16:47:02,469 - base_scraper - ERROR - API密钥未设置，请在config.py中设置DOUBAN_API_KEY或初始化时提供
2025-11-03 16:47:02,469 - base_scraper - ERROR - API密钥未设置，请在config.py中设置DOUBAN_API_KEY或初始化时提供
2025-11-03 16:47:02,470 - base_scraper - ERROR - API密钥未设置，请在config.py中设置DOUBAN_API_KEY或初始化时提供
2025-11-03 16:47:02,470 - base_scraper - ERROR - API密钥未设置，请在config.py中设置DOUBAN_API_KEY或初始化时提供
2025-11-03 16:47:02,470 - base_scraper - ERROR - API密钥未设置，请在config.py中设置DOUBAN_API_KEY或初始化时提供
2025-11-03 16:47:02,470 - base_scraper - ERROR - API密钥未设置，请在config.py中设置DOUBAN_API_KEY或初始化时提供
2025-11-03 16:47:02,470 - base_scraper - ERROR - API密钥未设置，请在config.py中设置DOUBAN_API_KEY或初始化时提供
2025-11-03 16:47:02,470 - base_scraper - ERROR - API密钥未设置，请在config.py中设置DOUBAN_API_KEY或初始化时提供
2025-11-03 16:47:02,470 - base_scraper - ERROR - API密钥未设置，请在config.py中设置DOUBAN_API_KEY或初始化时提供
2025-11-03 16:47:02,470 - base_scraper - ERROR - API密钥未设置，请在config.py中设置DOUBAN_API_KEY或初始化时提供
2025-11-03 16:47:02,470 - base_scraper - ERROR - API密钥未设置，请在config.py中设置DOUBAN_API_KEY或初始化时提供
2025-11-03 16:47:02,470 - base_scraper - ERROR - API密钥未设置，请在config.py中设置DOUBAN_API_KEY或初始化时提供
2025-11-03 16:47:02,470 - base_scraper - ERROR - API密钥未设置，请在config.py中设置DOUBAN_API_KEY或初始化时提供
2025-11-03 16:47:02,470 - base_scraper - ERROR - API密钥未设置，请在config.py中设置DOUBAN_API_KEY或初始化时提供
2025-11-03 16:47:02,470 - base_scraper - ERROR - API密钥未设置，请在config.py中设置DOUBAN_API_KEY或初始化时提供
2025-11-03 16:47:02,470 - base_scraper - ERROR - API密钥未设置，请在config.py中设置DOUBAN_API_KEY或初始化时提供
2025-11-03 16:47:02,470 - base_scraper - ERROR - API密钥未设置，请在config.py中设置DOUBAN_API_KEY或初始化时提供
2025-11-03 16:47:02,470 - base_scraper - ERROR - API密钥未设置，请在config.py中设置DOUBAN_API_KEY或初始化时提供
2025-11-03 16:47:02,470 - base_scraper - ERROR - API密钥未设置，请在config.py中设置DOUBAN_API_KEY或初始化时提供
2025-11-03 16:47:02,470 - base_scraper - ERROR - API密钥未设置，请在config.py中设置DOUBAN_API_KEY或初始化时提供
2025-11-03 16:47:02,470 - base_scraper - ERROR - API密钥未设置，请在config.py中设置DOUBAN_API_KEY或初始化时提供
2025-11-03 16:47:02,470 - base_scraper - ERROR - API密钥未设置，请在config.py中设置DOUBAN_API_KEY或初始化时提供
2025-11-03 16:47:02,470 - base_scraper - ERROR - API密钥未设置，请在config.py中设置DOUBAN_API_KEY或初始化时提供
2025-11-03 16:47:02,470 - base_scraper - ERROR - API密钥未设置，请在config.py中设置DOUBAN_API_KEY或初始化时提供
2025-11-03 16:47:02,470 - base_scraper - ERROR - API密钥未设置，请在config.py中设置DOUBAN_API_KEY或初始化时提供
2025-11-03 16:47:02,470 - base_scraper - ERROR - API密钥未设置，请在config.py中设置DOUBAN_API_KEY或初始化时提供
2025-11-03 16:47:06,964 - base_scraper - ERROR - API密钥未设置，请在config.py中设置DOUBAN_API_KEY或初始化时提供
2025-11-03 16:47:06,964 - base_scraper - INFO - 模拟查询: 2021年闵行中学录取分数及学生来源...
2025-11-03 16:47:06,964 - base_scraper - ERROR - API密钥未设置，请在config.py中设置DOUBAN_API_KEY或初始化时提供
2025-11-03 16:47:06,964 - base_scraper - INFO - 模拟查询: 2022年闵行中学录取分数及学生来源...
2025-11-03 16:47:06,964 - base_scraper - ERROR - API密钥未设置，请在config.py中设置DOUBAN_API_KEY或初始化时提供
2025-11-03 16:47:06,964 - base_scraper - INFO - 模拟查询: 2023年闵行中学录取分数及学生来源...
2025-11-03 16:47:06,964 - base_scraper - ERROR - API密钥未设置，请在config.py中设置DOUBAN_API_KEY或初始化时提供
2025-11-03 16:47:06,964 - base_scraper - INFO - 模拟查询: 2024年闵行中学录取分数及学生来源...
2025-11-03 16:47:06,964 - base_scraper - ERROR - API密钥未设置，请在config.py中设置DOUBAN_API_KEY或初始化时提供
2025-11-03 16:47:06,964 - base_scraper - INFO - 模拟查询: 2025年闵行中学录取分数及学生来源...
2025-11-03 16:47:06,965 - base_scraper - ERROR - API密钥未设置，请在config.py中设置DOUBAN_API_KEY或初始化时提供
2025-11-03 16:47:06,965 - base_scraper - INFO - 模拟查询: 2021年莘庄中学录取分数及学生来源...
2025-11-03 16:47:06,965 - base_scraper - ERROR - API密钥未设置，请在config.py中设置DOUBAN_API_KEY或初始化时提供
2025-11-03 16:47:06,965 - base_scraper - INFO - 模拟查询: 2022年莘庄中学录取分数及学生来源...
2025-11-03 16:47:06,965 - base_scraper - ERROR - API密钥未设置，请在config.py中设置DOUBAN_API_KEY或初始化时提供
2025-11-03 16:47:06,965 - base_scraper - INFO - 模拟查询: 2023年莘庄中学录取分数及学生来源...
2025-11-03 16:47:06,965 - base_scraper - ERROR - API密钥未设置，请在config.py中设置DOUBAN_API_KEY或初始化时提供
2025-11-03 16:47:06,965 - base_scraper - INFO - 模拟查询: 2024年莘庄中学录取分数及学生来源...
2025-11-03 16:47:06,965 - base_scraper - ERROR - API密钥未设置，请在config.py中设置DOUBAN_API_KEY或初始化时提供
2025-11-03 16:47:06,965 - base_scraper - INFO - 模拟查询: 2025年莘庄中学录取分数及学生来源...
2025-11-03 16:47:06,965 - base_scraper - ERROR - API密钥未设置，请在config.py中设置DOUBAN_API_KEY或初始化时提供
2025-11-03 16:47:06,965 - base_scraper - INFO - 模拟查询: 2021年北桥高级中学录取分数及学生来源...
2025-11-03 16:47:06,965 - base_scraper - ERROR - API密钥未设置，请在config.py中设置DOUBAN_API_KEY或初始化时提供
2025-11-03 16:47:06,965 - base_scraper - INFO - 模拟查询: 2022年北桥高级中学录取分数及学生来源...
2025-11-03 16:47:06,965 - base_scraper - ERROR - API密钥未设置，请在config.py中设置DOUBAN_API_KEY或初始化时提供
2025-11-03 16:47:06,965 - base_scraper - INFO - 模拟查询: 2023年北桥高级中学录取分数及学生来源...
2025-11-03 16:47:06,965 - base_scraper - ERROR - API密钥未设置，请在config.py中设置DOUBAN_API_KEY或初始化时提供
2025-11-03 16:47:06,965 - base_scraper - INFO - 模拟查询: 2024年北桥高级中学录取分数及学生来源...
2025-11-03 16:47:06,965 - base_scraper - ERROR - API密钥未设置，请在config.py中设置DOUBAN_API_KEY或初始化时提供
2025-11-03 16:47:06,965 - base_scraper - INFO - 模拟查询: 2025年北桥高级中学录取分数及学生来源...
2025-11-03 16:47:06,965 - base_scraper - ERROR - API密钥未设置，请在config.py中设置DOUBAN_API_KEY或初始化时提供
2025-11-03 16:47:06,965 - base_scraper - INFO - 模拟查询: 2021年闵行区实验中学录取分数及学生来源...
2025-11-03 16:47:06,965 - base_scraper - ERROR - API密钥未设置，请在config.py中设置DOUBAN_API_KEY或初始化时提供
2025-11-03 16:47:06,965 - base_scraper - INFO - 模拟查询: 2022年闵行区实验中学录取分数及学生来源...
2025-11-03 16:47:06,966 - base_scraper - ERROR - API密钥未设置，请在config.py中设置DOUBAN_API_KEY或初始化时提供
2025-11-03 16:47:06,966 - base_scraper - INFO - 模拟查询: 2023年闵行区实验中学录取分数及学生来源...
2025-11-03 16:47:06,966 - base_scraper - ERROR - API密钥未设置，请在config.py中设置DOUBAN_API_KEY或初始化时提供
2025-11-03 16:47:06,966 - base_scraper - INFO - 模拟查询: 2024年闵行区实验中学录取分数及学生来源...
2025-11-03 16:47:06,966 - base_scraper - ERROR - API密钥未设置，请在config.py中设置DOUBAN_API_KEY或初始化时提供
2025-11-03 16:47:06,966 - base_scraper - INFO - 模拟查询: 2025年闵行区实验中学录取分数及学生来源...
2025-11-03 16:47:06,966 - base_scraper - ERROR - API密钥未设置，请在config.py中设置DOUBAN_API_KEY或初始化时提供
2025-11-03 16:47:06,966 - base_scraper - ERROR - API密钥未设置，请在config.py中设置DOUBAN_API_KEY或初始化时提供
2025-11-03 16:47:06,966 - base_scraper - ERROR - API密钥未设置，请在config.py中设置DOUBAN_API_KEY或初始化时提供
2025-11-03 16:47:06,966 - base_scraper - ERROR - API密钥未设置，请在config.py中设置DOUBAN_API_KEY或初始化时提供
2025-11-03 16:47:06,966 - base_scraper - ERROR - API密钥未设置，请在config.py中设置DOUBAN_API_KEY或初始化时提供
2025-11-03 16:47:06,966 - base_scraper - ERROR - API密钥未设置，请在config.py中设置DOUBAN_API_KEY或初始化时提供
2025-11-03 16:47:06,966 - base_scraper - ERROR - API密钥未设置，请在config.py中设置DOUBAN_API_KEY或初始化时提供
2025-11-03 16:47:06,966 - base_scraper - ERROR - API密钥未设置，请在config.py中设置DOUBAN_API_KEY或初始化时提供
2025-11-03 16:47:06,966 - base_scraper - ERROR - API密钥未设置，请在config.py中设置DOUBAN_API_KEY或初始化时提供
2025-11-03 16:47:06,967 - base_scraper - ERROR - API密钥未设置，请在config.py中设置DOUBAN_API_KEY或初始化时提供
2025-11-03 16:47:06,967 - base_scraper - ERROR - API密钥未设置，请在config.py中设置DOUBAN_API_KEY或初始化时提供
2025-11-03 16:47:06,967 - base_scraper - ERROR - API密钥未设置，请在config.py中设置DOUBAN_API_KEY或初始化时提供
2025-11-03 16:47:06,967 - base_scraper - ERROR - API密钥未设置，请在config.py中设置DOUBAN_API_KEY或初始化时提供
2025-11-03 16:47:06,967 - base_scraper - ERROR - API密钥未设置，请在config.py中设置DOUBAN_API_KEY或初始化时提供
2025-11-03 16:47:06,967 - base_scraper - ERROR - API密钥未设置，请在config.py中设置DOUBAN_API_KEY或初始化时提供
2025-11-03 16:47:06,967 - base_scraper - ERROR - API密钥未设置，请在config.py中设置DOUBAN_API_KEY或初始化时提供
2025-11-03 16:47:06,967 - base_scraper - ERROR - API密钥未设置，请在config.py中设置DOUBAN_API_KEY或初始化时提供
2025-11-03 16:47:06,967 - base_scraper - ERROR - API密钥未设置，请在config.py中设置DOUBAN_API_KEY或初始化时提供
2025-11-03 16:47:06,967 - base_scraper - ERROR - API密钥未设置，请在config.py中设置DOUBAN_API_KEY或初始化时提供
2025-11-03 16:47:06,967 - base_scraper - ERROR - API密钥未设置，请在config.py中设置DOUBAN_API_KEY或初始化时提供
2025-11-03 16:47:10,557 - base_scraper - ERROR - API密钥未设置，请在config.py中设置DOUBAN_API_KEY或初始化时提供
2025-11-03 16:47:10,558 - base_scraper - INFO - 模拟查询: 2021年上海中学东校录取分数及学生来源...
2025-11-03 16:47:10,558 - base_scraper - ERROR - API密钥未设置，请在config.py中设置DOUBAN_API_KEY或初始化时提供
2025-11-03 16:47:10,558 - base_scraper - INFO - 模拟查询: 2022年上海中学东校录取分数及学生来源...
2025-11-03 16:47:10,558 - base_scraper - ERROR - API密钥未设置，请在config.py中设置DOUBAN_API_KEY或初始化时提供
2025-11-03 16:47:10,558 - base_scraper - INFO - 模拟查询: 2023年上海中学东校录取分数及学生来源...
2025-11-03 16:47:10,559 - base_scraper - ERROR - API密钥未设置，请在config.py中设置DOUBAN_API_KEY或初始化时提供
2025-11-03 16:47:10,559 - base_scraper - INFO - 模拟查询: 2024年上海中学东校录取分数及学生来源...
2025-11-03 16:47:10,559 - base_scraper - ERROR - API密钥未设置，请在config.py中设置DOUBAN_API_KEY或初始化时提供
2025-11-03 16:47:10,559 - base_scraper - INFO - 模拟查询: 2025年上海中学东校录取分数及学生来源...
2025-11-03 16:47:10,559 - base_scraper - ERROR - API密钥未设置，请在config.py中设置DOUBAN_API_KEY或初始化时提供
2025-11-03 16:47:10,559 - base_scraper - INFO - 模拟查询: 2021年浦东中学录取分数及学生来源...
2025-11-03 16:47:10,559 - base_scraper - ERROR - API密钥未设置，请在config.py中设置DOUBAN_API_KEY或初始化时提供
2025-11-03 16:47:10,559 - base_scraper - INFO - 模拟查询: 2022年浦东中学录取分数及学生来源...
2025-11-03 16:47:10,559 - base_scraper - ERROR - API密钥未设置，请在config.py中设置DOUBAN_API_KEY或初始化时提供
2025-11-03 16:47:10,559 - base_scraper - INFO - 模拟查询: 2023年浦东中学录取分数及学生来源...
2025-11-03 16:47:10,559 - base_scraper - ERROR - API密钥未设置，请在config.py中设置DOUBAN_API_KEY或初始化时提供
2025-11-03 16:47:10,559 - base_scraper - INFO - 模拟查询: 2024年浦东中学录取分数及学生来源...
2025-11-03 16:47:10,559 - base_scraper - ERROR - API密钥未设置，请在config.py中设置DOUBAN_API_KEY或初始化时提供
2025-11-03 16:47:10,559 - base_scraper - INFO - 模拟查询: 2025年浦东中学录取分数及学生来源...
2025-11-03 16:47:10,560 - base_scraper - ERROR - API密钥未设置，请在config.py中设置DOUBAN_API_KEY或初始化时提供
2025-11-03 16:47:10,560 - base_scraper - INFO - 模拟查询: 2021年建平中学浦东校区录取分数及学生来源...
2025-11-03 16:47:10,560 - base_scraper - ERROR - API密钥未设置，请在config.py中设置DOUBAN_API_KEY或初始化时提供
2025-11-03 16:47:10,560 - base_scraper - INFO - 模拟查询: 2022年建平中学浦东校区录取分数及学生来源...
2025-11-03 16:47:10,560 - base_scraper - ERROR - API密钥未设置，请在config.py中设置DOUBAN_API_KEY或初始化时提供
2025-11-03 16:47:10,560 - base_scraper - INFO - 模拟查询: 2023年建平中学浦东校区录取分数及学生来源...
2025-11-03 16:47:10,560 - base_scraper - ERROR - API密钥未设置，请在config.py中设置DOUBAN_API_KEY或初始化时提供
2025-11-03 16:47:10,560 - base_scraper - INFO - 模拟查询: 2024年建平中学浦东校区录取分数及学生来源...
2025-11-03 16:47:10,560 - base_scraper - ERROR - API密钥未设置，请在config.py中设置DOUBAN_API_KEY或初始化时提供
2025-11-03 16:47:10,560 - base_scraper - INFO - 模拟查询: 2025年建平中学浦东校区录取分数及学生来源...
2025-11-03 16:47:10,560 - base_scraper - ERROR - API密钥未设置，请在config.py中设置DOUBAN_API_KEY或初始化时提供
2025-11-03 16:47:10,560 - base_scraper - INFO - 模拟查询: 2021年进才中学录取分数及学生来源...
2025-11-03 16:47:10,560 - base_scraper - ERROR - API密钥未设置，请在config.py中设置DOUBAN_API_KEY或初始化时提供
2025-11-03 16:47:10,560 - base_scraper - INFO - 模拟查询: 2022年进才中学录取分数及学生来源...
2025-11-03 16:47:10,560 - base_scraper - ERROR - API密钥未设置，请在config.py中设置DOUBAN_API_KEY或初始化时提供
2025-11-03 16:47:10,560 - base_scraper - INFO - 模拟查询: 2023年进才中学录取分数及学生来源...
2025-11-03 16:47:10,560 - base_scraper - ERROR - API密钥未设置，请在config.py中设置DOUBAN_API_KEY或初始化时提供
2025-11-03 16:47:10,560 - base_scraper - INFO - 模拟查询: 2024年进才中学录取分数及学生来源...
2025-11-03 16:47:10,560 - base_scraper - ERROR - API密钥未设置，请在config.py中设置DOUBAN_API_KEY或初始化时提供
2025-11-03 16:47:10,560 - base_scraper - INFO - 模拟查询: 2025年进才中学录取分数及学生来源...
2025-11-03 16:47:10,560 - base_scraper - ERROR - API密钥未设置，请在config.py中设置DOUBAN_API_KEY或初始化时提供
2025-11-03 16:47:10,560 - base_scraper - INFO - 模拟查询: 2021年华东师大二附中紫竹校区录取分数及学生来源...
2025-11-03 16:47:10,561 - base_scraper - ERROR - API密钥未设置，请在config.py中设置DOUBAN_API_KEY或初始化时提供
2025-11-03 16:47:10,561 - base_scraper - INFO - 模拟查询: 2022年华东师大二附中紫竹校区录取分数及学生来源...
2025-11-03 16:47:10,561 - base_scraper - ERROR - API密钥未设置，请在config.py中设置DOUBAN_API_KEY或初始化时提供
2025-11-03 16:47:10,561 - base_scraper - INFO - 模拟查询: 2023年华东师大二附中紫竹校区录取分数及学生来源...
2025-11-03 16:47:10,561 - base_scraper - ERROR - API密钥未设置，请在config.py中设置DOUBAN_API_KEY或初始化时提供
2025-11-03 16:47:10,561 - base_scraper - INFO - 模拟查询: 2024年华东师大二附中紫竹校区录取分数及学生来源...
2025-11-03 16:47:10,561 - base_scraper - ERROR - API密钥未设置，请在config.py中设置DOUBAN_API_KEY或初始化时提供
2025-11-03 16:47:10,561 - base_scraper - INFO - 模拟查询: 2025年华东师大二附中紫竹校区录取分数及学生来源...
2025-11-03 16:47:10,562 - base_scraper - ERROR - API密钥未设置，请在config.py中设置DOUBAN_API_KEY或初始化时提供
2025-11-03 16:47:10,562 - base_scraper - INFO - 模拟查询: 2021年上海市实验学校东校录取分数及学生来源...
2025-11-03 16:47:10,562 - base_scraper - ERROR - API密钥未设置，请在config.py中设置DOUBAN_API_KEY或初始化时提供
2025-11-03 16:47:10,562 - base_scraper - INFO - 模拟查询: 2022年上海市实验学校东校录取分数及学生来源...
2025-11-03 16:47:10,562 - base_scraper - ERROR - API密钥未设置，请在config.py中设置DOUBAN_API_KEY或初始化时提供
2025-11-03 16:47:10,562 - base_scraper - INFO - 模拟查询: 2023年上海市实验学校东校录取分数及学生来源...
2025-11-03 16:47:10,562 - base_scraper - ERROR - API密钥未设置，请在config.py中设置DOUBAN_API_KEY或初始化时提供
2025-11-03 16:47:10,562 - base_scraper - INFO - 模拟查询: 2024年上海市实验学校东校录取分数及学生来源...
2025-11-03 16:47:10,562 - base_scraper - ERROR - API密钥未设置，请在config.py中设置DOUBAN_API_KEY或初始化时提供
2025-11-03 16:47:10,562 - base_scraper - INFO - 模拟查询: 2025年上海市实验学校东校录取分数及学生来源...
2025-11-03 16:47:10,562 - base_scraper - ERROR - API密钥未设置，请在config.py中设置DOUBAN_API_KEY或初始化时提供
2025-11-03 16:47:10,562 - base_scraper - ERROR - API密钥未设置，请在config.py中设置DOUBAN_API_KEY或初始化时提供
2025-11-03 16:47:10,562 - base_scraper - ERROR - API密钥未设置，请在config.py中设置DOUBAN_API_KEY或初始化时提供
2025-11-03 16:47:10,562 - base_scraper - ERROR - API密钥未设置，请在config.py中设置DOUBAN_API_KEY或初始化时提供
2025-11-03 16:47:10,562 - base_scraper - ERROR - API密钥未设置，请在config.py中设置DOUBAN_API_KEY或初始化时提供
2025-11-03 16:47:10,563 - base_scraper - ERROR - API密钥未设置，请在config.py中设置DOUBAN_API_KEY或初始化时提供
2025-11-03 16:47:10,563 - base_scraper - ERROR - API密钥未设置，请在config.py中设置DOUBAN_API_KEY或初始化时提供
2025-11-03 16:47:10,563 - base_scraper - ERROR - API密钥未设置，请在config.py中设置DOUBAN_API_KEY或初始化时提供
2025-11-03 16:47:10,563 - base_scraper - ERROR - API密钥未设置，请在config.py中设置DOUBAN_API_KEY或初始化时提供
2025-11-03 16:47:10,563 - base_scraper - ERROR - API密钥未设置，请在config.py中设置DOUBAN_API_KEY或初始化时提供
2025-11-03 16:47:10,563 - base_scraper - ERROR - API密钥未设置，请在config.py中设置DOUBAN_API_KEY或初始化时提供
2025-11-03 16:47:10,563 - base_scraper - ERROR - API密钥未设置，请在config.py中设置DOUBAN_API_KEY或初始化时提供
2025-11-03 16:47:10,563 - base_scraper - ERROR - API密钥未设置，请在config.py中设置DOUBAN_API_KEY或初始化时提供
2025-11-03 16:47:10,563 - base_scraper - ERROR - API密钥未设置，请在config.py中设置DOUBAN_API_KEY或初始化时提供
2025-11-03 16:47:10,563 - base_scraper - ERROR - API密钥未设置，请在config.py中设置DOUBAN_API_KEY或初始化时提供
2025-11-03 16:47:10,563 - base_scraper - ERROR - API密钥未设置，请在config.py中设置DOUBAN_API_KEY或初始化时提供
2025-11-03 16:47:10,563 - base_scraper - ERROR - API密钥未设置，请在config.py中设置DOUBAN_API_KEY或初始化时提供
2025-11-03 16:47:10,563 - base_scraper - ERROR - API密钥未设置，请在config.py中设置DOUBAN_API_KEY或初始化时提供
2025-11-03 16:47:10,563 - base_scraper - ERROR - API密钥未设置，请在config.py中设置DOUBAN_API_KEY或初始化时提供
2025-11-03 16:47:10,563 - base_scraper - ERROR - API密钥未设置，请在config.py中设置DOUBAN_API_KEY或初始化时提供
2025-11-03 16:47:10,563 - base_scraper - ERROR - API密钥未设置，请在config.py中设置DOUBAN_API_KEY或初始化时提供
2025-11-03 16:47:10,563 - base_scraper - ERROR - API密钥未设置，请在config.py中设置DOUBAN_API_KEY或初始化时提供
2025-11-03 16:47:10,563 - base_scraper - ERROR - API密钥未设置，请在config.py中设置DOUBAN_API_KEY或初始化时提供
2025-11-03 16:47:10,563 - base_scraper - ERROR - API密钥未设置，请在config.py中设置DOUBAN_API_KEY或初始化时提供
2025-11-03 16:47:10,563 - base_scraper - ERROR - API密钥未设置，请在config.py中设置DOUBAN_API_KEY或初始化时提供
2025-11-03 16:47:10,563 - base_scraper - ERROR - API密钥未设置，请在config.py中设置DOUBAN_API_KEY或初始化时提供
2025-11-03 16:47:10,563 - base_scraper - ERROR - API密钥未设置，请在config.py中设置DOUBAN_API_KEY或初始化时提供
2025-11-03 16:47:10,563 - base_scraper - ERROR - API密钥未设置，请在config.py中设置DOUBAN_API_KEY或初始化时提供
2025-11-03 16:47:10,563 - base_scraper - ERROR - API密钥未设置，请在config.py中设置DOUBAN_API_KEY或初始化时提供
2025-11-03 16:47:10,563 - base_scraper - ERROR - API密钥未设置，请在config.py中设置DOUBAN_API_KEY或初始化时提供
2025-11-03 16:48:41,708 - base_scraper - ERROR - API密钥未设置，请在config.py中设置DOUBAN_API_KEY或初始化时提供
2025-11-03 16:48:41,709 - base_scraper - INFO - 模拟查询: 2021年上海中学录取分数及学生来源...
2025-11-03 16:48:41,709 - base_scraper - ERROR - API密钥未设置，请在config.py中设置DOUBAN_API_KEY或初始化时提供
2025-11-03 16:48:41,709 - base_scraper - INFO - 模拟查询: 2022年上海中学录取分数及学生来源...
2025-11-03 16:48:41,709 - base_scraper - ERROR - API密钥未设置，请在config.py中设置DOUBAN_API_KEY或初始化时提供
2025-11-03 16:48:41,709 - base_scraper - INFO - 模拟查询: 2023年上海中学录取分数及学生来源...
2025-11-03 16:48:41,709 - base_scraper - ERROR - API密钥未设置，请在config.py中设置DOUBAN_API_KEY或初始化时提供
2025-11-03 16:48:41,709 - base_scraper - INFO - 模拟查询: 2024年上海中学录取分数及学生来源...
2025-11-03 16:48:41,709 - base_scraper - ERROR - API密钥未设置，请在config.py中设置DOUBAN_API_KEY或初始化时提供
2025-11-03 16:48:41,709 - base_scraper - INFO - 模拟查询: 2025年上海中学录取分数及学生来源...
2025-11-03 16:48:41,709 - base_scraper - ERROR - API密钥未设置，请在config.py中设置DOUBAN_API_KEY或初始化时提供
2025-11-03 16:48:41,709 - base_scraper - INFO - 模拟查询: 2021年华师大二附中录取分数及学生来源...
2025-11-03 16:48:41,709 - base_scraper - ERROR - API密钥未设置，请在config.py中设置DOUBAN_API_KEY或初始化时提供
2025-11-03 16:48:41,709 - base_scraper - INFO - 模拟查询: 2022年华师大二附中录取分数及学生来源...
2025-11-03 16:48:41,709 - base_scraper - ERROR - API密钥未设置，请在config.py中设置DOUBAN_API_KEY或初始化时提供
2025-11-03 16:48:41,709 - base_scraper - INFO - 模拟查询: 2023年华师大二附中录取分数及学生来源...
2025-11-03 16:48:41,709 - base_scraper - ERROR - API密钥未设置，请在config.py中设置DOUBAN_API_KEY或初始化时提供
2025-11-03 16:48:41,709 - base_scraper - INFO - 模拟查询: 2024年华师大二附中录取分数及学生来源...
2025-11-03 16:48:41,710 - base_scraper - ERROR - API密钥未设置，请在config.py中设置DOUBAN_API_KEY或初始化时提供
2025-11-03 16:48:41,710 - base_scraper - INFO - 模拟查询: 2025年华师大二附中录取分数及学生来源...
2025-11-03 16:48:41,710 - base_scraper - ERROR - API密钥未设置，请在config.py中设置DOUBAN_API_KEY或初始化时提供
2025-11-03 16:48:41,710 - base_scraper - INFO - 模拟查询: 2021年复旦附中录取分数及学生来源...
2025-11-03 16:48:41,710 - base_scraper - ERROR - API密钥未设置，请在config.py中设置DOUBAN_API_KEY或初始化时提供
2025-11-03 16:48:41,710 - base_scraper - INFO - 模拟查询: 2022年复旦附中录取分数及学生来源...
2025-11-03 16:48:41,710 - base_scraper - ERROR - API密钥未设置，请在config.py中设置DOUBAN_API_KEY或初始化时提供
2025-11-03 16:48:41,710 - base_scraper - INFO - 模拟查询: 2023年复旦附中录取分数及学生来源...
2025-11-03 16:48:41,711 - base_scraper - ERROR - API密钥未设置，请在config.py中设置DOUBAN_API_KEY或初始化时提供
2025-11-03 16:48:41,711 - base_scraper - INFO - 模拟查询: 2024年复旦附中录取分数及学生来源...
2025-11-03 16:48:41,711 - base_scraper - ERROR - API密钥未设置，请在config.py中设置DOUBAN_API_KEY或初始化时提供
2025-11-03 16:48:41,711 - base_scraper - INFO - 模拟查询: 2025年复旦附中录取分数及学生来源...
2025-11-03 16:48:41,711 - base_scraper - ERROR - API密钥未设置，请在config.py中设置DOUBAN_API_KEY或初始化时提供
2025-11-03 16:48:41,711 - base_scraper - INFO - 模拟查询: 2021年交大附中录取分数及学生来源...
2025-11-03 16:48:41,711 - base_scraper - ERROR - API密钥未设置，请在config.py中设置DOUBAN_API_KEY或初始化时提供
2025-11-03 16:48:41,712 - base_scraper - INFO - 模拟查询: 2022年交大附中录取分数及学生来源...
2025-11-03 16:48:41,712 - base_scraper - ERROR - API密钥未设置，请在config.py中设置DOUBAN_API_KEY或初始化时提供
2025-11-03 16:48:41,712 - base_scraper - INFO - 模拟查询: 2023年交大附中录取分数及学生来源...
2025-11-03 16:48:41,712 - base_scraper - ERROR - API密钥未设置，请在config.py中设置DOUBAN_API_KEY或初始化时提供
2025-11-03 16:48:41,712 - base_scraper - INFO - 模拟查询: 2024年交大附中录取分数及学生来源...
2025-11-03 16:48:41,712 - base_scraper - ERROR - API密钥未设置，请在config.py中设置DOUBAN_API_KEY或初始化时提供
2025-11-03 16:48:41,712 - base_scraper - INFO - 模拟查询: 2025年交大附中录取分数及学生来源...
2025-11-03 16:48:41,712 - base_scraper - ERROR - API密钥未设置，请在config.py中设置DOUBAN_API_KEY或初始化时提供
2025-11-03 16:48:41,712 - base_scraper - ERROR - API密钥未设置，请在config.py中设置DOUBAN_API_KEY或初始化时提供
2025-11-03 16:48:41,712 - base_scraper - ERROR - API密钥未设置，请在config.py中设置DOUBAN_API_KEY或初始化时提供
2025-11-03 16:48:41,713 - base_scraper - ERROR - API密钥未设置，请在config.py中设置DOUBAN_API_KEY或初始化时提供
2025-11-03 16:48:41,713 - base_scraper - ERROR - API密钥未设置，请在config.py中设置DOUBAN_API_KEY或初始化时提供
2025-11-03 16:48:41,713 - base_scraper - ERROR - API密钥未设置，请在config.py中设置DOUBAN_API_KEY或初始化时提供
2025-11-03 16:48:41,713 - base_scraper - ERROR - API密钥未设置，请在config.py中设置DOUBAN_API_KEY或初始化时提供
2025-11-03 16:48:41,713 - base_scraper - ERROR - API密钥未设置，请在config.py中设置DOUBAN_API_KEY或初始化时提供
2025-11-03 16:48:41,713 - base_scraper - ERROR - API密钥未设置，请在config.py中设置DOUBAN_API_KEY或初始化时提供
2025-11-03 16:48:41,713 - base_scraper - ERROR - API密钥未设置，请在config.py中设置DOUBAN_API_KEY或初始化时提供
2025-11-03 16:48:41,713 - base_scraper - ERROR - API密钥未设置，请在config.py中设置DOUBAN_API_KEY或初始化时提供
2025-11-03 16:48:41,713 - base_scraper - ERROR - API密钥未设置，请在config.py中设置DOUBAN_API_KEY或初始化时提供
2025-11-03 16:48:41,713 - base_scraper - ERROR - API密钥未设置，请在config.py中设置DOUBAN_API_KEY或初始化时提供
2025-11-03 16:48:41,713 - base_scraper - ERROR - API密钥未设置，请在config.py中设置DOUBAN_API_KEY或初始化时提供
2025-11-03 16:48:41,713 - base_scraper - ERROR - API密钥未设置，请在config.py中设置DOUBAN_API_KEY或初始化时提供
2025-11-03 16:48:41,713 - base_scraper - ERROR - API密钥未设置，请在config.py中设置DOUBAN_API_KEY或初始化时提供
2025-11-03 16:48:41,713 - base_scraper - ERROR - API密钥未设置，请在config.py中设置DOUBAN_API_KEY或初始化时提供
2025-11-03 16:48:41,713 - base_scraper - ERROR - API密钥未设置，请在config.py中设置DOUBAN_API_KEY或初始化时提供
2025-11-03 16:48:41,713 - base_scraper - ERROR - API密钥未设置，请在config.py中设置DOUBAN_API_KEY或初始化时提供
2025-11-03 16:48:41,713 - base_scraper - ERROR - API密钥未设置，请在config.py中设置DOUBAN_API_KEY或初始化时提供
2025-11-03 16:48:55,107 - base_scraper - ERROR - API密钥未设置，请在config.py中设置DOUBAN_API_KEY或初始化时提供
2025-11-03 16:48:55,107 - base_scraper - INFO - 模拟查询: 2021年南洋模范录取分数及学生来源...
2025-11-03 16:48:55,107 - base_scraper - ERROR - API密钥未设置，请在config.py中设置DOUBAN_API_KEY或初始化时提供
2025-11-03 16:48:55,107 - base_scraper - INFO - 模拟查询: 2022年南洋模范录取分数及学生来源...
2025-11-03 16:48:55,107 - base_scraper - ERROR - API密钥未设置，请在config.py中设置DOUBAN_API_KEY或初始化时提供
2025-11-03 16:48:55,107 - base_scraper - INFO - 模拟查询: 2023年南洋模范录取分数及学生来源...
2025-11-03 16:48:55,107 - base_scraper - ERROR - API密钥未设置，请在config.py中设置DOUBAN_API_KEY或初始化时提供
2025-11-03 16:48:55,107 - base_scraper - INFO - 模拟查询: 2024年南洋模范录取分数及学生来源...
2025-11-03 16:48:55,107 - base_scraper - ERROR - API密钥未设置，请在config.py中设置DOUBAN_API_KEY或初始化时提供
2025-11-03 16:48:55,107 - base_scraper - INFO - 模拟查询: 2025年南洋模范录取分数及学生来源...
2025-11-03 16:48:55,107 - base_scraper - ERROR - API密钥未设置，请在config.py中设置DOUBAN_API_KEY或初始化时提供
2025-11-03 16:48:55,107 - base_scraper - INFO - 模拟查询: 2021年格致中学录取分数及学生来源...
2025-11-03 16:48:55,107 - base_scraper - ERROR - API密钥未设置，请在config.py中设置DOUBAN_API_KEY或初始化时提供
2025-11-03 16:48:55,107 - base_scraper - INFO - 模拟查询: 2022年格致中学录取分数及学生来源...
2025-11-03 16:48:55,108 - base_scraper - ERROR - API密钥未设置，请在config.py中设置DOUBAN_API_KEY或初始化时提供
2025-11-03 16:48:55,108 - base_scraper - INFO - 模拟查询: 2023年格致中学录取分数及学生来源...
2025-11-03 16:48:55,108 - base_scraper - ERROR - API密钥未设置，请在config.py中设置DOUBAN_API_KEY或初始化时提供
2025-11-03 16:48:55,108 - base_scraper - INFO - 模拟查询: 2024年格致中学录取分数及学生来源...
2025-11-03 16:48:55,108 - base_scraper - ERROR - API密钥未设置，请在config.py中设置DOUBAN_API_KEY或初始化时提供
2025-11-03 16:48:55,108 - base_scraper - INFO - 模拟查询: 2025年格致中学录取分数及学生来源...
2025-11-03 16:48:55,108 - base_scraper - ERROR - API密钥未设置，请在config.py中设置DOUBAN_API_KEY或初始化时提供
2025-11-03 16:48:55,108 - base_scraper - INFO - 模拟查询: 2021年大同中学录取分数及学生来源...
2025-11-03 16:48:55,108 - base_scraper - ERROR - API密钥未设置，请在config.py中设置DOUBAN_API_KEY或初始化时提供
2025-11-03 16:48:55,108 - base_scraper - INFO - 模拟查询: 2022年大同中学录取分数及学生来源...
2025-11-03 16:48:55,108 - base_scraper - ERROR - API密钥未设置，请在config.py中设置DOUBAN_API_KEY或初始化时提供
2025-11-03 16:48:55,108 - base_scraper - INFO - 模拟查询: 2023年大同中学录取分数及学生来源...
2025-11-03 16:48:55,108 - base_scraper - ERROR - API密钥未设置，请在config.py中设置DOUBAN_API_KEY或初始化时提供
2025-11-03 16:48:55,108 - base_scraper - INFO - 模拟查询: 2024年大同中学录取分数及学生来源...
2025-11-03 16:48:55,108 - base_scraper - ERROR - API密钥未设置，请在config.py中设置DOUBAN_API_KEY或初始化时提供
2025-11-03 16:48:55,108 - base_scraper - INFO - 模拟查询: 2025年大同中学录取分数及学生来源...
2025-11-03 16:48:55,108 - base_scraper - ERROR - API密钥未设置，请在config.py中设置DOUBAN_API_KEY或初始化时提供
2025-11-03 16:48:55,108 - base_scraper - INFO - 模拟查询: 2021年控江中学录取分数及学生来源...
2025-11-03 16:48:55,108 - base_scraper - ERROR - API密钥未设置，请在config.py中设置DOUBAN_API_KEY或初始化时提供
2025-11-03 16:48:55,108 - base_scraper - INFO - 模拟查询: 2022年控江中学录取分数及学生来源...
2025-11-03 16:48:55,108 - base_scraper - ERROR - API密钥未设置，请在config.py中设置DOUBAN_API_KEY或初始化时提供
2025-11-03 16:48:55,108 - base_scraper - INFO - 模拟查询: 2023年控江中学录取分数及学生来源...
2025-11-03 16:48:55,108 - base_scraper - ERROR - API密钥未设置，请在config.py中设置DOUBAN_API_KEY或初始化时提供
2025-11-03 16:48:55,108 - base_scraper - INFO - 模拟查询: 2024年控江中学录取分数及学生来源...
2025-11-03 16:48:55,108 - base_scraper - ERROR - API密钥未设置，请在config.py中设置DOUBAN_API_KEY或初始化时提供
2025-11-03 16:48:55,108 - base_scraper - INFO - 模拟查询: 2025年控江中学录取分数及学生来源...
2025-11-03 16:48:55,108 - base_scraper - ERROR - API密钥未设置，请在config.py中设置DOUBAN_API_KEY或初始化时提供
2025-11-03 16:48:55,108 - base_scraper - INFO - 模拟查询: 2021年七宝中学录取分数及学生来源...
2025-11-03 16:48:55,108 - base_scraper - ERROR - API密钥未设置，请在config.py中设置DOUBAN_API_KEY或初始化时提供
2025-11-03 16:48:55,108 - base_scraper - INFO - 模拟查询: 2022年七宝中学录取分数及学生来源...
2025-11-03 16:48:55,109 - base_scraper - ERROR - API密钥未设置，请在config.py中设置DOUBAN_API_KEY或初始化时提供
2025-11-03 16:48:55,109 - base_scraper - INFO - 模拟查询: 2023年七宝中学录取分数及学生来源...
2025-11-03 16:48:55,109 - base_scraper - ERROR - API密钥未设置，请在config.py中设置DOUBAN_API_KEY或初始化时提供
2025-11-03 16:48:55,109 - base_scraper - INFO - 模拟查询: 2024年七宝中学录取分数及学生来源...
2025-11-03 16:48:55,109 - base_scraper - ERROR - API密钥未设置，请在config.py中设置DOUBAN_API_KEY或初始化时提供
2025-11-03 16:48:55,109 - base_scraper - INFO - 模拟查询: 2025年七宝中学录取分数及学生来源...
2025-11-03 16:48:55,109 - base_scraper - ERROR - API密钥未设置，请在config.py中设置DOUBAN_API_KEY或初始化时提供
2025-11-03 16:48:55,109 - base_scraper - INFO - 模拟查询: 2021年延安中学录取分数及学生来源...
2025-11-03 16:48:55,109 - base_scraper - ERROR - API密钥未设置，请在config.py中设置DOUBAN_API_KEY或初始化时提供
2025-11-03 16:48:55,109 - base_scraper - INFO - 模拟查询: 2022年延安中学录取分数及学生来源...
2025-11-03 16:48:55,109 - base_scraper - ERROR - API密钥未设置，请在config.py中设置DOUBAN_API_KEY或初始化时提供
2025-11-03 16:48:55,109 - base_scraper - INFO - 模拟查询: 2023年延安中学录取分数及学生来源...
2025-11-03 16:48:55,109 - base_scraper - ERROR - API密钥未设置，请在config.py中设置DOUBAN_API_KEY或初始化时提供
2025-11-03 16:48:55,109 - base_scraper - INFO - 模拟查询: 2024年延安中学录取分数及学生来源...
2025-11-03 16:48:55,109 - base_scraper - ERROR - API密钥未设置，请在config.py中设置DOUBAN_API_KEY或初始化时提供
2025-11-03 16:48:55,109 - base_scraper - INFO - 模拟查询: 2025年延安中学录取分数及学生来源...
2025-11-03 16:48:55,109 - base_scraper - ERROR - API密钥未设置，请在config.py中设置DOUBAN_API_KEY或初始化时提供
2025-11-03 16:48:55,109 - base_scraper - INFO - 模拟查询: 2021年建平中学录取分数及学生来源...
2025-11-03 16:48:55,109 - base_scraper - ERROR - API密钥未设置，请在config.py中设置DOUBAN_API_KEY或初始化时提供
2025-11-03 16:48:55,109 - base_scraper - INFO - 模拟查询: 2022年建平中学录取分数及学生来源...
2025-11-03 16:48:55,109 - base_scraper - ERROR - API密钥未设置，请在config.py中设置DOUBAN_API_KEY或初始化时提供
2025-11-03 16:48:55,109 - base_scraper - INFO - 模拟查询: 2023年建平中学录取分数及学生来源...
2025-11-03 16:48:55,109 - base_scraper - ERROR - API密钥未设置，请在config.py中设置DOUBAN_API_KEY或初始化时提供
2025-11-03 16:48:55,109 - base_scraper - INFO - 模拟查询: 2024年建平中学录取分数及学生来源...
2025-11-03 16:48:55,109 - base_scraper - ERROR - API密钥未设置，请在config.py中设置DOUBAN_API_KEY或初始化时提供
2025-11-03 16:48:55,109 - base_scraper - INFO - 模拟查询: 2025年建平中学录取分数及学生来源...
2025-11-03 16:48:55,109 - base_scraper - ERROR - API密钥未设置，请在config.py中设置DOUBAN_API_KEY或初始化时提供
2025-11-03 16:48:55,109 - base_scraper - INFO - 模拟查询: 2021年复兴高级中学录取分数及学生来源...
2025-11-03 16:48:55,109 - base_scraper - ERROR - API密钥未设置，请在config.py中设置DOUBAN_API_KEY或初始化时提供
2025-11-03 16:48:55,109 - base_scraper - INFO - 模拟查询: 2022年复兴高级中学录取分数及学生来源...
2025-11-03 16:48:55,109 - base_scraper - ERROR - API密钥未设置，请在config.py中设置DOUBAN_API_KEY或初始化时提供
2025-11-03 16:48:55,109 - base_scraper - INFO - 模拟查询: 2023年复兴高级中学录取分数及学生来源...
2025-11-03 16:48:55,109 - base_scraper - ERROR - API密钥未设置，请在config.py中设置DOUBAN_API_KEY或初始化时提供
2025-11-03 16:48:55,109 - base_scraper - INFO - 模拟查询: 2024年复兴高级中学录取分数及学生来源...
2025-11-03 16:48:55,110 - base_scraper - ERROR - API密钥未设置，请在config.py中设置DOUBAN_API_KEY或初始化时提供
2025-11-03 16:48:55,110 - base_scraper - INFO - 模拟查询: 2025年复兴高级中学录取分数及学生来源...
2025-11-03 16:48:55,111 - base_scraper - ERROR - API密钥未设置，请在config.py中设置DOUBAN_API_KEY或初始化时提供
2025-11-03 16:48:55,111 - base_scraper - ERROR - API密钥未设置，请在config.py中设置DOUBAN_API_KEY或初始化时提供
2025-11-03 16:48:55,111 - base_scraper - ERROR - API密钥未设置，请在config.py中设置DOUBAN_API_KEY或初始化时提供
2025-11-03 16:48:55,111 - base_scraper - ERROR - API密钥未设置，请在config.py中设置DOUBAN_API_KEY或初始化时提供
2025-11-03 16:48:55,111 - base_scraper - ERROR - API密钥未设置，请在config.py中设置DOUBAN_API_KEY或初始化时提供
2025-11-03 16:48:55,112 - base_scraper - ERROR - API密钥未设置，请在config.py中设置DOUBAN_API_KEY或初始化时提供
2025-11-03 16:48:55,112 - base_scraper - ERROR - API密钥未设置，请在config.py中设置DOUBAN_API_KEY或初始化时提供
2025-11-03 16:48:55,112 - base_scraper - ERROR - API密钥未设置，请在config.py中设置DOUBAN_API_KEY或初始化时提供
2025-11-03 16:48:55,112 - base_scraper - ERROR - API密钥未设置，请在config.py中设置DOUBAN_API_KEY或初始化时提供
2025-11-03 16:48:55,112 - base_scraper - ERROR - API密钥未设置，请在config.py中设置DOUBAN_API_KEY或初始化时提供
2025-11-03 16:48:55,112 - base_scraper - ERROR - API密钥未设置，请在config.py中设置DOUBAN_API_KEY或初始化时提供
2025-11-03 16:48:55,112 - base_scraper - ERROR - API密钥未设置，请在config.py中设置DOUBAN_API_KEY或初始化时提供
2025-11-03 16:48:55,112 - base_scraper - ERROR - API密钥未设置，请在config.py中设置DOUBAN_API_KEY或初始化时提供
2025-11-03 16:48:55,112 - base_scraper - ERROR - API密钥未设置，请在config.py中设置DOUBAN_API_KEY或初始化时提供
2025-11-03 16:48:55,112 - base_scraper - ERROR - API密钥未设置，请在config.py中设置DOUBAN_API_KEY或初始化时提供
2025-11-03 16:48:55,112 - base_scraper - ERROR - API密钥未设置，请在config.py中设置DOUBAN_API_KEY或初始化时提供
2025-11-03 16:48:55,112 - base_scraper - ERROR - API密钥未设置，请在config.py中设置DOUBAN_API_KEY或初始化时提供
2025-11-03 16:48:55,112 - base_scraper - ERROR - API密钥未设置，请在config.py中设置DOUBAN_API_KEY或初始化时提供
2025-11-03 16:48:55,112 - base_scraper - ERROR - API密钥未设置，请在config.py中设置DOUBAN_API_KEY或初始化时提供
2025-11-03 16:48:55,112 - base_scraper - ERROR - API密钥未设置，请在config.py中设置DOUBAN_API_KEY或初始化时提供
2025-11-03 16:48:55,112 - base_scraper - ERROR - API密钥未设置，请在config.py中设置DOUBAN_API_KEY或初始化时提供
2025-11-03 16:48:55,112 - base_scraper - ERROR - API密钥未设置，请在config.py中设置DOUBAN_API_KEY或初始化时提供
2025-11-03 16:48:55,112 - base_scraper - ERROR - API密钥未设置，请在config.py中设置DOUBAN_API_KEY或初始化时提供
2025-11-03 16:48:55,112 - base_scraper - ERROR - API密钥未设置，请在config.py中设置DOUBAN_API_KEY或初始化时提供
2025-11-03 16:48:55,112 - base_scraper - ERROR - API密钥未设置，请在config.py中设置DOUBAN_API_KEY或初始化时提供
2025-11-03 16:48:55,112 - base_scraper - ERROR - API密钥未设置，请在config.py中设置DOUBAN_API_KEY或初始化时提供
2025-11-03 16:48:55,112 - base_scraper - ERROR - API密钥未设置，请在config.py中设置DOUBAN_API_KEY或初始化时提供
2025-11-03 16:48:55,112 - base_scraper - ERROR - API密钥未设置，请在config.py中设置DOUBAN_API_KEY或初始化时提供
2025-11-03 16:48:55,112 - base_scraper - ERROR - API密钥未设置，请在config.py中设置DOUBAN_API_KEY或初始化时提供
2025-11-03 16:48:55,112 - base_scraper - ERROR - API密钥未设置，请在config.py中设置DOUBAN_API_KEY或初始化时提供
2025-11-03 16:48:55,112 - base_scraper - ERROR - API密钥未设置，请在config.py中设置DOUBAN_API_KEY或初始化时提供
2025-11-03 16:48:55,112 - base_scraper - ERROR - API密钥未设置，请在config.py中设置DOUBAN_API_KEY或初始化时提供
2025-11-03 16:48:55,112 - base_scraper - ERROR - API密钥未设置，请在config.py中设置DOUBAN_API_KEY或初始化时提供
2025-11-03 16:48:55,112 - base_scraper - ERROR - API密钥未设置，请在config.py中设置DOUBAN_API_KEY或初始化时提供
2025-11-03 16:48:55,112 - base_scraper - ERROR - API密钥未设置，请在config.py中设置DOUBAN_API_KEY或初始化时提供
2025-11-03 16:48:55,112 - base_scraper - ERROR - API密钥未设置，请在config.py中设置DOUBAN_API_KEY或初始化时提供
2025-11-03 16:48:55,112 - base_scraper - ERROR - API密钥未设置，请在config.py中设置DOUBAN_API_KEY或初始化时提供
2025-11-03 16:48:55,112 - base_scraper - ERROR - API密钥未设置，请在config.py中设置DOUBAN_API_KEY或初始化时提供
2025-11-03 16:48:55,112 - base_scraper - ERROR - API密钥未设置，请在config.py中设置DOUBAN_API_KEY或初始化时提供
2025-11-03 16:48:55,112 - base_scraper - ERROR - API密钥未设置，请在config.py中设置DOUBAN_API_KEY或初始化时提供
2025-11-03 16:49:02,969 - base_scraper - ERROR - API密钥未设置，请在config.py中设置DOUBAN_API_KEY或初始化时提供
2025-11-03 16:49:02,971 - base_scraper - INFO - 模拟查询: 2021年上海市实验学校录取分数及学生来源...
2025-11-03 16:49:02,971 - base_scraper - ERROR - API密钥未设置，请在config.py中设置DOUBAN_API_KEY或初始化时提供
2025-11-03 16:49:02,971 - base_scraper - INFO - 模拟查询: 2022年上海市实验学校录取分数及学生来源...
2025-11-03 16:49:02,971 - base_scraper - ERROR - API密钥未设置，请在config.py中设置DOUBAN_API_KEY或初始化时提供
2025-11-03 16:49:02,971 - base_scraper - INFO - 模拟查询: 2023年上海市实验学校录取分数及学生来源...
2025-11-03 16:49:02,971 - base_scraper - ERROR - API密钥未设置，请在config.py中设置DOUBAN_API_KEY或初始化时提供
2025-11-03 16:49:02,971 - base_scraper - INFO - 模拟查询: 2024年上海市实验学校录取分数及学生来源...
2025-11-03 16:49:02,971 - base_scraper - ERROR - API密钥未设置，请在config.py中设置DOUBAN_API_KEY或初始化时提供
2025-11-03 16:49:02,971 - base_scraper - INFO - 模拟查询: 2025年上海市实验学校录取分数及学生来源...
2025-11-03 16:49:02,971 - base_scraper - ERROR - API密钥未设置，请在config.py中设置DOUBAN_API_KEY或初始化时提供
2025-11-03 16:49:02,971 - base_scraper - INFO - 模拟查询: 2021年位育中学录取分数及学生来源...
2025-11-03 16:49:02,971 - base_scraper - ERROR - API密钥未设置，请在config.py中设置DOUBAN_API_KEY或初始化时提供
2025-11-03 16:49:02,971 - base_scraper - INFO - 模拟查询: 2022年位育中学录取分数及学生来源...
2025-11-03 16:49:02,972 - base_scraper - ERROR - API密钥未设置，请在config.py中设置DOUBAN_API_KEY或初始化时提供
2025-11-03 16:49:02,972 - base_scraper - INFO - 模拟查询: 2023年位育中学录取分数及学生来源...
2025-11-03 16:49:02,972 - base_scraper - ERROR - API密钥未设置，请在config.py中设置DOUBAN_API_KEY或初始化时提供
2025-11-03 16:49:02,972 - base_scraper - INFO - 模拟查询: 2024年位育中学录取分数及学生来源...
2025-11-03 16:49:02,972 - base_scraper - ERROR - API密钥未设置，请在config.py中设置DOUBAN_API_KEY或初始化时提供
2025-11-03 16:49:02,972 - base_scraper - INFO - 模拟查询: 2025年位育中学录取分数及学生来源...
2025-11-03 16:49:02,972 - base_scraper - ERROR - API密钥未设置，请在config.py中设置DOUBAN_API_KEY或初始化时提供
2025-11-03 16:49:02,972 - base_scraper - INFO - 模拟查询: 2021年向明中学录取分数及学生来源...
2025-11-03 16:49:02,972 - base_scraper - ERROR - API密钥未设置，请在config.py中设置DOUBAN_API_KEY或初始化时提供
2025-11-03 16:49:02,972 - base_scraper - INFO - 模拟查询: 2022年向明中学录取分数及学生来源...
2025-11-03 16:49:02,972 - base_scraper - ERROR - API密钥未设置，请在config.py中设置DOUBAN_API_KEY或初始化时提供
2025-11-03 16:49:02,972 - base_scraper - INFO - 模拟查询: 2023年向明中学录取分数及学生来源...
2025-11-03 16:49:02,972 - base_scraper - ERROR - API密钥未设置，请在config.py中设置DOUBAN_API_KEY或初始化时提供
2025-11-03 16:49:02,972 - base_scraper - INFO - 模拟查询: 2024年向明中学录取分数及学生来源...
2025-11-03 16:49:02,972 - base_scraper - ERROR - API密钥未设置，请在config.py中设置DOUBAN_API_KEY或初始化时提供
2025-11-03 16:49:02,972 - base_scraper - INFO - 模拟查询: 2025年向明中学录取分数及学生来源...
2025-11-03 16:49:02,972 - base_scraper - ERROR - API密钥未设置，请在config.py中设置DOUBAN_API_KEY或初始化时提供
2025-11-03 16:49:02,972 - base_scraper - INFO - 模拟查询: 2021年市西中学录取分数及学生来源...
2025-11-03 16:49:02,972 - base_scraper - ERROR - API密钥未设置，请在config.py中设置DOUBAN_API_KEY或初始化时提供
2025-11-03 16:49:02,972 - base_scraper - INFO - 模拟查询: 2022年市西中学录取分数及学生来源...
2025-11-03 16:49:02,972 - base_scraper - ERROR - API密钥未设置，请在config.py中设置DOUBAN_API_KEY或初始化时提供
2025-11-03 16:49:02,972 - base_scraper - INFO - 模拟查询: 2023年市西中学录取分数及学生来源...
2025-11-03 16:49:02,972 - base_scraper - ERROR - API密钥未设置，请在config.py中设置DOUBAN_API_KEY或初始化时提供
2025-11-03 16:49:02,972 - base_scraper - INFO - 模拟查询: 2024年市西中学录取分数及学生来源...
2025-11-03 16:49:02,972 - base_scraper - ERROR - API密钥未设置，请在config.py中设置DOUBAN_API_KEY或初始化时提供
2025-11-03 16:49:02,972 - base_scraper - INFO - 模拟查询: 2025年市西中学录取分数及学生来源...
2025-11-03 16:49:02,972 - base_scraper - ERROR - API密钥未设置，请在config.py中设置DOUBAN_API_KEY或初始化时提供
2025-11-03 16:49:02,972 - base_scraper - INFO - 模拟查询: 2021年上海市平和双语学校录取分数及学生来源...
2025-11-03 16:49:02,973 - base_scraper - ERROR - API密钥未设置，请在config.py中设置DOUBAN_API_KEY或初始化时提供
2025-11-03 16:49:02,973 - base_scraper - INFO - 模拟查询: 2022年上海市平和双语学校录取分数及学生来源...
2025-11-03 16:49:02,973 - base_scraper - ERROR - API密钥未设置，请在config.py中设置DOUBAN_API_KEY或初始化时提供
2025-11-03 16:49:02,973 - base_scraper - INFO - 模拟查询: 2023年上海市平和双语学校录取分数及学生来源...
2025-11-03 16:49:02,973 - base_scraper - ERROR - API密钥未设置，请在config.py中设置DOUBAN_API_KEY或初始化时提供
2025-11-03 16:49:02,973 - base_scraper - INFO - 模拟查询: 2024年上海市平和双语学校录取分数及学生来源...
2025-11-03 16:49:02,973 - base_scraper - ERROR - API密钥未设置，请在config.py中设置DOUBAN_API_KEY或初始化时提供
2025-11-03 16:49:02,973 - base_scraper - INFO - 模拟查询: 2025年上海市平和双语学校录取分数及学生来源...
2025-11-03 16:49:02,973 - base_scraper - ERROR - API密钥未设置，请在config.py中设置DOUBAN_API_KEY或初始化时提供
2025-11-03 16:49:02,973 - base_scraper - INFO - 模拟查询: 2021年华东师大一附中录取分数及学生来源...
2025-11-03 16:49:02,974 - base_scraper - ERROR - API密钥未设置，请在config.py中设置DOUBAN_API_KEY或初始化时提供
2025-11-03 16:49:02,974 - base_scraper - INFO - 模拟查询: 2022年华东师大一附中录取分数及学生来源...
2025-11-03 16:49:02,974 - base_scraper - ERROR - API密钥未设置，请在config.py中设置DOUBAN_API_KEY或初始化时提供
2025-11-03 16:49:02,974 - base_scraper - INFO - 模拟查询: 2023年华东师大一附中录取分数及学生来源...
2025-11-03 16:49:02,974 - base_scraper - ERROR - API密钥未设置，请在config.py中设置DOUBAN_API_KEY或初始化时提供
2025-11-03 16:49:02,974 - base_scraper - INFO - 模拟查询: 2024年华东师大一附中录取分数及学生来源...
2025-11-03 16:49:02,974 - base_scraper - ERROR - API密钥未设置，请在config.py中设置DOUBAN_API_KEY或初始化时提供
2025-11-03 16:49:02,974 - base_scraper - INFO - 模拟查询: 2025年华东师大一附中录取分数及学生来源...
2025-11-03 16:49:02,974 - base_scraper - ERROR - API密钥未设置，请在config.py中设置DOUBAN_API_KEY或初始化时提供
2025-11-03 16:49:02,974 - base_scraper - INFO - 模拟查询: 2021年上海外国语大学附属中学录取分数及学生来源...
2025-11-03 16:49:02,974 - base_scraper - ERROR - API密钥未设置，请在config.py中设置DOUBAN_API_KEY或初始化时提供
2025-11-03 16:49:02,974 - base_scraper - INFO - 模拟查询: 2022年上海外国语大学附属中学录取分数及学生来源...
2025-11-03 16:49:02,974 - base_scraper - ERROR - API密钥未设置，请在config.py中设置DOUBAN_API_KEY或初始化时提供
2025-11-03 16:49:02,974 - base_scraper - INFO - 模拟查询: 2023年上海外国语大学附属中学录取分数及学生来源...
2025-11-03 16:49:02,974 - base_scraper - ERROR - API密钥未设置，请在config.py中设置DOUBAN_API_KEY或初始化时提供
2025-11-03 16:49:02,974 - base_scraper - INFO - 模拟查询: 2024年上海外国语大学附属中学录取分数及学生来源...
2025-11-03 16:49:02,974 - base_scraper - ERROR - API密钥未设置，请在config.py中设置DOUBAN_API_KEY或初始化时提供
2025-11-03 16:49:02,974 - base_scraper - INFO - 模拟查询: 2025年上海外国语大学附属中学录取分数及学生来源...
2025-11-03 16:49:02,974 - base_scraper - ERROR - API密钥未设置，请在config.py中设置DOUBAN_API_KEY或初始化时提供
2025-11-03 16:49:02,974 - base_scraper - INFO - 模拟查询: 2021年上海市曹杨第二中学录取分数及学生来源...
2025-11-03 16:49:02,974 - base_scraper - ERROR - API密钥未设置，请在config.py中设置DOUBAN_API_KEY或初始化时提供
2025-11-03 16:49:02,974 - base_scraper - INFO - 模拟查询: 2022年上海市曹杨第二中学录取分数及学生来源...
2025-11-03 16:49:02,974 - base_scraper - ERROR - API密钥未设置，请在config.py中设置DOUBAN_API_KEY或初始化时提供
2025-11-03 16:49:02,974 - base_scraper - INFO - 模拟查询: 2023年上海市曹杨第二中学录取分数及学生来源...
2025-11-03 16:49:02,975 - base_scraper - ERROR - API密钥未设置，请在config.py中设置DOUBAN_API_KEY或初始化时提供
2025-11-03 16:49:02,975 - base_scraper - INFO - 模拟查询: 2024年上海市曹杨第二中学录取分数及学生来源...
2025-11-03 16:49:02,975 - base_scraper - ERROR - API密钥未设置，请在config.py中设置DOUBAN_API_KEY或初始化时提供
2025-11-03 16:49:02,975 - base_scraper - INFO - 模拟查询: 2025年上海市曹杨第二中学录取分数及学生来源...
2025-11-03 16:49:02,975 - base_scraper - ERROR - API密钥未设置，请在config.py中设置DOUBAN_API_KEY或初始化时提供
2025-11-03 16:49:02,975 - base_scraper - INFO - 模拟查询: 2021年上海市晋元高级中学录取分数及学生来源...
2025-11-03 16:49:02,975 - base_scraper - ERROR - API密钥未设置，请在config.py中设置DOUBAN_API_KEY或初始化时提供
2025-11-03 16:49:02,975 - base_scraper - INFO - 模拟查询: 2022年上海市晋元高级中学录取分数及学生来源...
2025-11-03 16:49:02,975 - base_scraper - ERROR - API密钥未设置，请在config.py中设置DOUBAN_API_KEY或初始化时提供
2025-11-03 16:49:02,975 - base_scraper - INFO - 模拟查询: 2023年上海市晋元高级中学录取分数及学生来源...
2025-11-03 16:49:02,975 - base_scraper - ERROR - API密钥未设置，请在config.py中设置DOUBAN_API_KEY或初始化时提供
2025-11-03 16:49:02,975 - base_scraper - INFO - 模拟查询: 2024年上海市晋元高级中学录取分数及学生来源...
2025-11-03 16:49:02,975 - base_scraper - ERROR - API密钥未设置，请在config.py中设置DOUBAN_API_KEY或初始化时提供
2025-11-03 16:49:02,975 - base_scraper - INFO - 模拟查询: 2025年上海市晋元高级中学录取分数及学生来源...
2025-11-03 16:49:02,976 - base_scraper - ERROR - API密钥未设置，请在config.py中设置DOUBAN_API_KEY或初始化时提供
2025-11-03 16:49:02,976 - base_scraper - ERROR - API密钥未设置，请在config.py中设置DOUBAN_API_KEY或初始化时提供
2025-11-03 16:49:02,976 - base_scraper - ERROR - API密钥未设置，请在config.py中设置DOUBAN_API_KEY或初始化时提供
2025-11-03 16:49:02,976 - base_scraper - ERROR - API密钥未设置，请在config.py中设置DOUBAN_API_KEY或初始化时提供
2025-11-03 16:49:02,976 - base_scraper - ERROR - API密钥未设置，请在config.py中设置DOUBAN_API_KEY或初始化时提供
2025-11-03 16:49:02,976 - base_scraper - ERROR - API密钥未设置，请在config.py中设置DOUBAN_API_KEY或初始化时提供
2025-11-03 16:49:02,976 - base_scraper - ERROR - API密钥未设置，请在config.py中设置DOUBAN_API_KEY或初始化时提供
2025-11-03 16:49:02,976 - base_scraper - ERROR - API密钥未设置，请在config.py中设置DOUBAN_API_KEY或初始化时提供
2025-11-03 16:49:02,976 - base_scraper - ERROR - API密钥未设置，请在config.py中设置DOUBAN_API_KEY或初始化时提供
2025-11-03 16:49:02,976 - base_scraper - ERROR - API密钥未设置，请在config.py中设置DOUBAN_API_KEY或初始化时提供
2025-11-03 16:49:02,976 - base_scraper - ERROR - API密钥未设置，请在config.py中设置DOUBAN_API_KEY或初始化时提供
2025-11-03 16:49:02,976 - base_scraper - ERROR - API密钥未设置，请在config.py中设置DOUBAN_API_KEY或初始化时提供
2025-11-03 16:49:02,976 - base_scraper - ERROR - API密钥未设置，请在config.py中设置DOUBAN_API_KEY或初始化时提供
2025-11-03 16:49:02,976 - base_scraper - ERROR - API密钥未设置，请在config.py中设置DOUBAN_API_KEY或初始化时提供
2025-11-03 16:49:02,976 - base_scraper - ERROR - API密钥未设置，请在config.py中设置DOUBAN_API_KEY或初始化时提供
2025-11-03 16:49:02,976 - base_scraper - ERROR - API密钥未设置，请在config.py中设置DOUBAN_API_KEY或初始化时提供
2025-11-03 16:49:02,976 - base_scraper - ERROR - API密钥未设置，请在config.py中设置DOUBAN_API_KEY或初始化时提供
2025-11-03 16:49:02,976 - base_scraper - ERROR - API密钥未设置，请在config.py中设置DOUBAN_API_KEY或初始化时提供
2025-11-03 16:49:02,977 - base_scraper - ERROR - API密钥未设置，请在config.py中设置DOUBAN_API_KEY或初始化时提供
2025-11-03 16:49:02,977 - base_scraper - ERROR - API密钥未设置，请在config.py中设置DOUBAN_API_KEY或初始化时提供
2025-11-03 16:49:02,977 - base_scraper - ERROR - API密钥未设置，请在config.py中设置DOUBAN_API_KEY或初始化时提供
2025-11-03 16:49:02,977 - base_scraper - ERROR - API密钥未设置，请在config.py中设置DOUBAN_API_KEY或初始化时提供
2025-11-03 16:49:02,977 - base_scraper - ERROR - API密钥未设置，请在config.py中设置DOUBAN_API_KEY或初始化时提供
2025-11-03 16:49:02,977 - base_scraper - ERROR - API密钥未设置，请在config.py中设置DOUBAN_API_KEY或初始化时提供
2025-11-03 16:49:02,977 - base_scraper - ERROR - API密钥未设置，请在config.py中设置DOUBAN_API_KEY或初始化时提供
2025-11-03 16:49:02,977 - base_scraper - ERROR - API密钥未设置，请在config.py中设置DOUBAN_API_KEY或初始化时提供
2025-11-03 16:49:02,977 - base_scraper - ERROR - API密钥未设置，请在config.py中设置DOUBAN_API_KEY或初始化时提供
2025-11-03 16:49:02,977 - base_scraper - ERROR - API密钥未设置，请在config.py中设置DOUBAN_API_KEY或初始化时提供
2025-11-03 16:49:02,977 - base_scraper - ERROR - API密钥未设置，请在config.py中设置DOUBAN_API_KEY或初始化时提供
2025-11-03 16:49:02,977 - base_scraper - ERROR - API密钥未设置，请在config.py中设置DOUBAN_API_KEY或初始化时提供
2025-11-03 16:49:02,977 - base_scraper - ERROR - API密钥未设置，请在config.py中设置DOUBAN_API_KEY或初始化时提供
2025-11-03 16:49:02,977 - base_scraper - ERROR - API密钥未设置，请在config.py中设置DOUBAN_API_KEY或初始化时提供
2025-11-03 16:49:02,977 - base_scraper - ERROR - API密钥未设置，请在config.py中设置DOUBAN_API_KEY或初始化时提供
2025-11-03 16:49:02,977 - base_scraper - ERROR - API密钥未设置，请在config.py中设置DOUBAN_API_KEY或初始化时提供
2025-11-03 16:49:02,977 - base_scraper - ERROR - API密钥未设置，请在config.py中设置DOUBAN_API_KEY或初始化时提供
2025-11-03 16:49:02,977 - base_scraper - ERROR - API密钥未设置，请在config.py中设置DOUBAN_API_KEY或初始化时提供
2025-11-03 16:49:02,977 - base_scraper - ERROR - API密钥未设置，请在config.py中设置DOUBAN_API_KEY或初始化时提供
2025-11-03 16:49:02,977 - base_scraper - ERROR - API密钥未设置，请在config.py中设置DOUBAN_API_KEY或初始化时提供
2025-11-03 16:49:02,977 - base_scraper - ERROR - API密钥未设置，请在config.py中设置DOUBAN_API_KEY或初始化时提供
2025-11-03 16:49:02,977 - base_scraper - ERROR - API密钥未设置，请在config.py中设置DOUBAN_API_KEY或初始化时提供
2025-11-03 16:49:02,977 - base_scraper - ERROR - API密钥未设置，请在config.py中设置DOUBAN_API_KEY或初始化时提供
2025-11-03 16:49:02,977 - base_scraper - ERROR - API密钥未设置，请在config.py中设置DOUBAN_API_KEY或初始化时提供
2025-11-03 16:49:02,977 - base_scraper - ERROR - API密钥未设置，请在config.py中设置DOUBAN_API_KEY或初始化时提供
2025-11-03 16:49:02,977 - base_scraper - ERROR - API密钥未设置，请在config.py中设置DOUBAN_API_KEY或初始化时提供
2025-11-03 16:49:02,977 - base_scraper - ERROR - API密钥未设置，请在config.py中设置DOUBAN_API_KEY或初始化时提供
2025-11-03 16:49:07,953 - base_scraper - ERROR - API密钥未设置，请在config.py中设置DOUBAN_API_KEY或初始化时提供
2025-11-03 16:49:07,953 - base_scraper - INFO - 模拟查询: 2021年闵行中学录取分数及学生来源...
2025-11-03 16:49:07,953 - base_scraper - ERROR - API密钥未设置，请在config.py中设置DOUBAN_API_KEY或初始化时提供
2025-11-03 16:49:07,953 - base_scraper - INFO - 模拟查询: 2022年闵行中学录取分数及学生来源...
2025-11-03 16:49:07,953 - base_scraper - ERROR - API密钥未设置，请在config.py中设置DOUBAN_API_KEY或初始化时提供
2025-11-03 16:49:07,953 - base_scraper - INFO - 模拟查询: 2023年闵行中学录取分数及学生来源...
2025-11-03 16:49:07,953 - base_scraper - ERROR - API密钥未设置，请在config.py中设置DOUBAN_API_KEY或初始化时提供
2025-11-03 16:49:07,953 - base_scraper - INFO - 模拟查询: 2024年闵行中学录取分数及学生来源...
2025-11-03 16:49:07,953 - base_scraper - ERROR - API密钥未设置，请在config.py中设置DOUBAN_API_KEY或初始化时提供
2025-11-03 16:49:07,953 - base_scraper - INFO - 模拟查询: 2025年闵行中学录取分数及学生来源...
2025-11-03 16:49:07,953 - base_scraper - ERROR - API密钥未设置，请在config.py中设置DOUBAN_API_KEY或初始化时提供
2025-11-03 16:49:07,953 - base_scraper - INFO - 模拟查询: 2021年莘庄中学录取分数及学生来源...
2025-11-03 16:49:07,953 - base_scraper - ERROR - API密钥未设置，请在config.py中设置DOUBAN_API_KEY或初始化时提供
2025-11-03 16:49:07,953 - base_scraper - INFO - 模拟查询: 2022年莘庄中学录取分数及学生来源...
2025-11-03 16:49:07,953 - base_scraper - ERROR - API密钥未设置，请在config.py中设置DOUBAN_API_KEY或初始化时提供
2025-11-03 16:49:07,953 - base_scraper - INFO - 模拟查询: 2023年莘庄中学录取分数及学生来源...
2025-11-03 16:49:07,953 - base_scraper - ERROR - API密钥未设置，请在config.py中设置DOUBAN_API_KEY或初始化时提供
2025-11-03 16:49:07,953 - base_scraper - INFO - 模拟查询: 2024年莘庄中学录取分数及学生来源...
2025-11-03 16:49:07,954 - base_scraper - ERROR - API密钥未设置，请在config.py中设置DOUBAN_API_KEY或初始化时提供
2025-11-03 16:49:07,954 - base_scraper - INFO - 模拟查询: 2025年莘庄中学录取分数及学生来源...
2025-11-03 16:49:07,954 - base_scraper - ERROR - API密钥未设置，请在config.py中设置DOUBAN_API_KEY或初始化时提供
2025-11-03 16:49:07,954 - base_scraper - INFO - 模拟查询: 2021年北桥高级中学录取分数及学生来源...
2025-11-03 16:49:07,954 - base_scraper - ERROR - API密钥未设置，请在config.py中设置DOUBAN_API_KEY或初始化时提供
2025-11-03 16:49:07,954 - base_scraper - INFO - 模拟查询: 2022年北桥高级中学录取分数及学生来源...
2025-11-03 16:49:07,954 - base_scraper - ERROR - API密钥未设置，请在config.py中设置DOUBAN_API_KEY或初始化时提供
2025-11-03 16:49:07,954 - base_scraper - INFO - 模拟查询: 2023年北桥高级中学录取分数及学生来源...
2025-11-03 16:49:07,954 - base_scraper - ERROR - API密钥未设置，请在config.py中设置DOUBAN_API_KEY或初始化时提供
2025-11-03 16:49:07,954 - base_scraper - INFO - 模拟查询: 2024年北桥高级中学录取分数及学生来源...
2025-11-03 16:49:07,954 - base_scraper - ERROR - API密钥未设置，请在config.py中设置DOUBAN_API_KEY或初始化时提供
2025-11-03 16:49:07,954 - base_scraper - INFO - 模拟查询: 2025年北桥高级中学录取分数及学生来源...
2025-11-03 16:49:07,954 - base_scraper - ERROR - API密钥未设置，请在config.py中设置DOUBAN_API_KEY或初始化时提供
2025-11-03 16:49:07,954 - base_scraper - INFO - 模拟查询: 2021年闵行区实验中学录取分数及学生来源...
2025-11-03 16:49:07,954 - base_scraper - ERROR - API密钥未设置，请在config.py中设置DOUBAN_API_KEY或初始化时提供
2025-11-03 16:49:07,954 - base_scraper - INFO - 模拟查询: 2022年闵行区实验中学录取分数及学生来源...
2025-11-03 16:49:07,954 - base_scraper - ERROR - API密钥未设置，请在config.py中设置DOUBAN_API_KEY或初始化时提供
2025-11-03 16:49:07,954 - base_scraper - INFO - 模拟查询: 2023年闵行区实验中学录取分数及学生来源...
2025-11-03 16:49:07,954 - base_scraper - ERROR - API密钥未设置，请在config.py中设置DOUBAN_API_KEY或初始化时提供
2025-11-03 16:49:07,954 - base_scraper - INFO - 模拟查询: 2024年闵行区实验中学录取分数及学生来源...
2025-11-03 16:49:07,954 - base_scraper - ERROR - API密钥未设置，请在config.py中设置DOUBAN_API_KEY或初始化时提供
2025-11-03 16:49:07,954 - base_scraper - INFO - 模拟查询: 2025年闵行区实验中学录取分数及学生来源...
2025-11-03 16:49:07,954 - base_scraper - ERROR - API密钥未设置，请在config.py中设置DOUBAN_API_KEY或初始化时提供
2025-11-03 16:49:07,954 - base_scraper - ERROR - API密钥未设置，请在config.py中设置DOUBAN_API_KEY或初始化时提供
2025-11-03 16:49:07,954 - base_scraper - ERROR - API密钥未设置，请在config.py中设置DOUBAN_API_KEY或初始化时提供
2025-11-03 16:49:07,954 - base_scraper - ERROR - API密钥未设置，请在config.py中设置DOUBAN_API_KEY或初始化时提供
2025-11-03 16:49:07,954 - base_scraper - ERROR - API密钥未设置，请在config.py中设置DOUBAN_API_KEY或初始化时提供
2025-11-03 16:49:07,954 - base_scraper - ERROR - API密钥未设置，请在config.py中设置DOUBAN_API_KEY或初始化时提供
2025-11-03 16:49:07,954 - base_scraper - ERROR - API密钥未设置，请在config.py中设置DOUBAN_API_KEY或初始化时提供
2025-11-03 16:49:07,955 - base_scraper - ERROR - API密钥未设置，请在config.py中设置DOUBAN_API_KEY或初始化时提供
2025-11-03 16:49:07,955 - base_scraper - ERROR - API密钥未设置，请在config.py中设置DOUBAN_API_KEY或初始化时提供
2025-11-03 16:49:07,955 - base_scraper - ERROR - API密钥未设置，请在config.py中设置DOUBAN_API_KEY或初始化时提供
2025-11-03 16:49:07,955 - base_scraper - ERROR - API密钥未设置，请在config.py中设置DOUBAN_API_KEY或初始化时提供
2025-11-03 16:49:07,955 - base_scraper - ERROR - API密钥未设置，请在config.py中设置DOUBAN_API_KEY或初始化时提供
2025-11-03 16:49:07,955 - base_scraper - ERROR - API密钥未设置，请在config.py中设置DOUBAN_API_KEY或初始化时提供
2025-11-03 16:49:07,955 - base_scraper - ERROR - API密钥未设置，请在config.py中设置DOUBAN_API_KEY或初始化时提供
2025-11-03 16:49:07,955 - base_scraper - ERROR - API密钥未设置，请在config.py中设置DOUBAN_API_KEY或初始化时提供
2025-11-03 16:49:07,955 - base_scraper - ERROR - API密钥未设置，请在config.py中设置DOUBAN_API_KEY或初始化时提供
2025-11-03 16:49:07,955 - base_scraper - ERROR - API密钥未设置，请在config.py中设置DOUBAN_API_KEY或初始化时提供
2025-11-03 16:49:07,955 - base_scraper - ERROR - API密钥未设置，请在config.py中设置DOUBAN_API_KEY或初始化时提供
2025-11-03 16:49:07,955 - base_scraper - ERROR - API密钥未设置，请在config.py中设置DOUBAN_API_KEY或初始化时提供
2025-11-03 16:49:07,955 - base_scraper - ERROR - API密钥未设置，请在config.py中设置DOUBAN_API_KEY或初始化时提供
